2025-04-02 10:53:39,249 - __main__ - INFO - Git 설정 완료
2025-04-02 10:54:17,126 - __main__ - ERROR - 명령어 실패: ERROR: Repository not found.
fatal: Could not read from remote repository.

Please make sure you have the correct access rights
and the repository exists.

2025-04-02 10:54:17,128 - __main__ - ERROR - GitHub 커밋/푸시 오류: 명령어 실패: ERROR: Repository not found.
fatal: Could not read from remote repository.

Please make sure you have the correct access rights
and the repository exists.

2025-04-02 10:54:17,129 - __main__ - ERROR - 데이터 업데이트 오류: 명령어 실패: ERROR: Repository not found.
fatal: Could not read from remote repository.

Please make sure you have the correct access rights
and the repository exists.

2025-04-02 10:54:49,650 - __main__ - INFO - Git 설정 완료
2025-04-02 10:55:09,565 - __main__ - INFO - Starting Stock Monitor...
2025-04-02 10:55:12,165 - modules.telegram - INFO - Telegram bot started
2025-04-02 10:55:12,166 - __main__ - INFO - Fetching signals for periodic update...
2025-04-02 10:55:31,097 - aiogram.dispatcher.dispatcher - INFO - Start polling.
2025-04-02 10:55:47,399 - __main__ - INFO - Periodic update sent successfully
2025-04-02 10:56:13,487 - __main__ - INFO - Git 설정 완료
2025-04-02 10:56:50,504 - __main__ - ERROR - 명령어 실패: ERROR: Repository not found.
fatal: Could not read from remote repository.

Please make sure you have the correct access rights
and the repository exists.

2025-04-02 10:56:50,507 - __main__ - ERROR - GitHub 커밋/푸시 오류: 명령어 실패: ERROR: Repository not found.
fatal: Could not read from remote repository.

Please make sure you have the correct access rights
and the repository exists.

2025-04-02 10:56:50,508 - __main__ - ERROR - 데이터 업데이트 오류: 명령어 실패: ERROR: Repository not found.
fatal: Could not read from remote repository.

Please make sure you have the correct access rights
and the repository exists.

2025-04-02 10:56:59,705 - __main__ - INFO - Starting Stock Monitor...
2025-04-02 10:57:02,281 - modules.telegram - INFO - Telegram bot started
2025-04-02 10:57:02,282 - __main__ - INFO - Fetching signals for periodic update...
2025-04-02 10:57:40,973 - aiogram.dispatcher.dispatcher - INFO - Start polling.
2025-04-02 10:57:43,449 - __main__ - INFO - Periodic update sent successfully
