Traceback (most recent call last):
  File "/usr/lib/python3.7/runpy.py", line 193, in _run_module_as_main
    "__main__", mod_spec)
  File "/usr/lib/python3.7/runpy.py", line 85, in _run_code
    exec(code, run_globals)
  File "/usr/lib/python3.7/http/server.py", line 1262, in <module>
    test(HandlerClass=handler_class, port=args.port, bind=args.bind)
  File "/usr/lib/python3.7/http/server.py", line 1230, in test
    with ServerClass(server_address, HandlerClass) as httpd:
  File "/usr/lib/python3.7/socketserver.py", line 452, in __init__
    self.server_bind()
  File "/usr/lib/python3.7/http/server.py", line 137, in server_bind
    socketserver.TCPServer.server_bind(self)
  File "/usr/lib/python3.7/socketserver.py", line 466, in server_bind
    self.socket.bind(self.server_address)
OSError: [Errno 98] Address already in use
2025-04-01 17:14:21,383 - __main__ - INFO - 트렌드 데이터 수집 시작...
2025-04-01 17:14:21,884 - __main__ - INFO - Starting Stock Monitor...
2025-04-01 17:14:21,925 - __main__ - INFO - Git 설정 완료
/usr/lib/python3.7/html/parser.py:171: XMLParsedAsHTMLWarning: It looks like you're parsing an XML document using an HTML parser. If this really is an HTML document (maybe it's XHTML?), you can ignore or filter this warning. If it's XML, you should know that using an XML parser will be more reliable. To parse this document as XML, make sure you have the lxml package installed, and pass the keyword argument `features="xml"` into the BeautifulSoup constructor.
  k = self.parse_starttag(i)
2025-04-01 17:14:22,990 - __main__ - INFO -  트렌드 데이터 수집 완료
2025-04-01 17:14:23,113 - __main__ - INFO -  트렌드 데이터 수집 완료
2025-04-01 17:14:23,256 - __main__ - INFO -  트렌드 데이터 수집 완료
2025-04-01 17:14:23,462 - __main__ - INFO -  트렌드 데이터 수집 완료
2025-04-01 17:14:23,618 - __main__ - INFO -  트렌드 데이터 수집 완료
2025-04-01 17:14:23,763 - __main__ - INFO -  트렌드 데이터 수집 완료
2025-04-01 17:14:23,921 - __main__ - INFO -  트렌드 데이터 수집 완료
2025-04-01 17:14:24,105 - __main__ - INFO -  트렌드 데이터 수집 완료
2025-04-01 17:14:24,294 - __main__ - INFO -  트렌드 데이터 수집 완료
2025-04-01 17:14:24,464 - modules.telegram - INFO - Telegram bot started
2025-04-01 17:14:24,485 - __main__ - INFO -  트렌드 데이터 수집 완료
2025-04-01 17:14:24,672 - __main__ - INFO -  트렌드 데이터 수집 완료
2025-04-01 17:14:24,838 - __main__ - INFO -  트렌드 데이터 수집 완료
2025-04-01 17:14:25,045 - __main__ - INFO -  트렌드 데이터 수집 완료
2025-04-01 17:14:25,345 - __main__ - INFO -  트렌드 데이터 수집 완료
2025-04-01 17:14:25,545 - __main__ - INFO -  트렌드 데이터 수집 완료
2025-04-01 17:14:25,811 - __main__ - INFO -  트렌드 데이터 수집 완료
2025-04-01 17:14:26,105 - __main__ - INFO -  트렌드 데이터 수집 완료
2025-04-01 17:14:26,284 - __main__ - INFO -  트렌드 데이터 수집 완료
2025-04-01 17:14:26,478 - __main__ - INFO -  트렌드 데이터 수집 완료
2025-04-01 17:14:26,664 - __main__ - INFO -  트렌드 데이터 수집 완료
2025-04-01 17:14:26,829 - __main__ - INFO -  트렌드 데이터 수집 완료
2025-04-01 17:14:27,028 - __main__ - INFO -  트렌드 데이터 수집 완료
2025-04-01 17:14:27,209 - __main__ - INFO -  트렌드 데이터 수집 완료
2025-04-01 17:14:27,386 - __main__ - INFO -  트렌드 데이터 수집 완료
2025-04-01 17:14:27,570 - __main__ - INFO -  트렌드 데이터 수집 완료
2025-04-01 17:14:27,744 - __main__ - INFO -  트렌드 데이터 수집 완료
2025-04-01 17:14:27,947 - __main__ - INFO -  트렌드 데이터 수집 완료
2025-04-01 17:14:28,151 - __main__ - INFO -  트렌드 데이터 수집 완료
2025-04-01 17:14:28,351 - __main__ - INFO -  트렌드 데이터 수집 완료
2025-04-01 17:14:28,498 - aiogram.dispatcher.dispatcher - INFO - Start polling.
2025-04-01 17:14:28,527 - __main__ - INFO -  트렌드 데이터 수집 완료
2025-04-01 17:14:28,749 - __main__ - INFO -  트렌드 데이터 수집 완료
2025-04-01 17:14:28,910 - __main__ - INFO -  트렌드 데이터 수집 완료
2025-04-01 17:14:29,087 - __main__ - INFO -  트렌드 데이터 수집 완료
2025-04-01 17:14:29,235 - __main__ - INFO -  트렌드 데이터 수집 완료
2025-04-01 17:14:29,450 - __main__ - INFO -  트렌드 데이터 수집 완료
2025-04-01 17:14:29,634 - __main__ - INFO -  트렌드 데이터 수집 완료
2025-04-01 17:14:29,822 - __main__ - INFO -  트렌드 데이터 수집 완료
2025-04-01 17:14:30,009 - __main__ - INFO -  트렌드 데이터 수집 완료
2025-04-01 17:14:30,184 - __main__ - INFO -  트렌드 데이터 수집 완료
2025-04-01 17:14:30,372 - __main__ - INFO -  트렌드 데이터 수집 완료
2025-04-01 17:14:30,529 - __main__ - INFO -  트렌드 데이터 수집 완료
2025-04-01 17:14:30,705 - __main__ - INFO -  트렌드 데이터 수집 완료
2025-04-01 17:14:30,895 - __main__ - INFO -  트렌드 데이터 수집 완료
2025-04-01 17:14:31,064 - __main__ - INFO -  트렌드 데이터 수집 완료
2025-04-01 17:14:31,251 - __main__ - INFO -  트렌드 데이터 수집 완료
2025-04-01 17:14:31,429 - __main__ - INFO -  트렌드 데이터 수집 완료
2025-04-01 17:14:31,607 - __main__ - INFO -  트렌드 데이터 수집 완료
2025-04-01 17:14:31,822 - __main__ - INFO -  트렌드 데이터 수집 완료
2025-04-01 17:14:31,992 - __main__ - INFO -  트렌드 데이터 수집 완료
2025-04-01 17:14:32,166 - __main__ - INFO -  트렌드 데이터 수집 완료
2025-04-01 17:14:32,377 - __main__ - INFO -  트렌드 데이터 수집 완료
2025-04-01 17:14:32,564 - __main__ - INFO -  트렌드 데이터 수집 완료
2025-04-01 17:14:32,757 - __main__ - INFO -  트렌드 데이터 수집 완료
2025-04-01 17:14:32,947 - __main__ - INFO -  트렌드 데이터 수집 완료
2025-04-01 17:14:33,127 - __main__ - INFO -  트렌드 데이터 수집 완료
2025-04-01 17:14:33,306 - __main__ - INFO -  트렌드 데이터 수집 완료
2025-04-01 17:14:33,482 - __main__ - INFO -  트렌드 데이터 수집 완료
2025-04-01 17:14:33,642 - __main__ - INFO -  트렌드 데이터 수집 완료
2025-04-01 17:14:33,847 - __main__ - INFO -  트렌드 데이터 수집 완료
2025-04-01 17:14:34,036 - __main__ - INFO -  트렌드 데이터 수집 완료
2025-04-01 17:14:34,242 - __main__ - INFO -  트렌드 데이터 수집 완료
2025-04-01 17:14:34,296 - aiogram.dispatcher.dispatcher - ERROR - Cause exception while getting updates.
Traceback (most recent call last):
  File "/home/pi/myenv/lib/python3.7/site-packages/aiogram/dispatcher/dispatcher.py", line 386, in start_polling
    allowed_updates=allowed_updates
  File "/home/pi/myenv/lib/python3.7/site-packages/aiogram/bot/bot.py", line 110, in get_updates
    result = await self.request(api.Methods.GET_UPDATES, payload)
  File "/home/pi/myenv/lib/python3.7/site-packages/aiogram/bot/base.py", line 237, in request
    proxy=self.proxy, proxy_auth=self.proxy_auth, timeout=self.timeout, **kwargs)
  File "/home/pi/myenv/lib/python3.7/site-packages/aiogram/bot/api.py", line 140, in make_request
    return check_result(method, response.content_type, response.status, await response.text())
  File "/home/pi/myenv/lib/python3.7/site-packages/aiogram/bot/api.py", line 119, in check_result
    exceptions.ConflictError.detect(description)
  File "/home/pi/myenv/lib/python3.7/site-packages/aiogram/utils/exceptions.py", line 140, in detect
    raise err(cls.text or description)
aiogram.utils.exceptions.TerminatedByOtherGetUpdates: Terminated by other getupdates request; make sure that only one bot instance is running
2025-04-01 17:14:34,472 - __main__ - INFO -  트렌드 데이터 수집 완료
2025-04-01 17:14:34,705 - __main__ - INFO -  트렌드 데이터 수집 완료
2025-04-01 17:14:34,937 - __main__ - INFO -  트렌드 데이터 수집 완료
2025-04-01 17:14:35,186 - __main__ - INFO -  트렌드 데이터 수집 완료
2025-04-01 17:14:35,390 - __main__ - INFO -  트렌드 데이터 수집 완료
2025-04-01 17:14:35,633 - __main__ - INFO -  트렌드 데이터 수집 완료
2025-04-01 17:14:35,810 - __main__ - INFO -  트렌드 데이터 수집 완료
2025-04-01 17:14:35,983 - __main__ - INFO -  트렌드 데이터 수집 완료
2025-04-01 17:14:36,152 - __main__ - INFO -  트렌드 데이터 수집 완료
2025-04-01 17:14:36,323 - __main__ - INFO -  트렌드 데이터 수집 완료
2025-04-01 17:14:36,507 - __main__ - INFO -  트렌드 데이터 수집 완료
2025-04-01 17:14:36,682 - __main__ - INFO -  트렌드 데이터 수집 완료
2025-04-01 17:14:36,862 - __main__ - INFO -  트렌드 데이터 수집 완료
2025-04-01 17:14:37,060 - __main__ - INFO -  트렌드 데이터 수집 완료
2025-04-01 17:14:37,236 - __main__ - INFO -  트렌드 데이터 수집 완료
2025-04-01 17:14:37,444 - __main__ - INFO -  트렌드 데이터 수집 완료
2025-04-01 17:14:37,631 - __main__ - INFO -  트렌드 데이터 수집 완료
2025-04-01 17:14:37,814 - __main__ - INFO -  트렌드 데이터 수집 완료
2025-04-01 17:14:38,018 - __main__ - INFO -  트렌드 데이터 수집 완료
2025-04-01 17:14:38,230 - __main__ - INFO -  트렌드 데이터 수집 완료
2025-04-01 17:14:38,413 - __main__ - INFO -  트렌드 데이터 수집 완료
2025-04-01 17:14:38,610 - __main__ - INFO -  트렌드 데이터 수집 완료
2025-04-01 17:14:38,780 - __main__ - INFO -  트렌드 데이터 수집 완료
2025-04-01 17:14:38,973 - __main__ - INFO -  트렌드 데이터 수집 완료
2025-04-01 17:14:38,977 - __main__ - INFO - 트렌드 데이터 수집 완료: 성공 85개, 실패 0개
2025-04-01 17:14:38,979 - asyncio - ERROR - Unclosed client session
client_session: <aiohttp.client.ClientSession object at 0xb32102f0>
2025-04-01 17:14:38,996 - asyncio - ERROR - Unclosed connector
connections: ['[(<aiohttp.client_proto.ResponseHandler object at 0xb05ac688>, 196.350655309), (<aiohttp.client_proto.ResponseHandler object at 0xb05ac6f8>, 196.53920181), (<aiohttp.client_proto.ResponseHandler object at 0xb05ac928>, 197.601113663), (<aiohttp.client_proto.ResponseHandler object at 0xb05ac998>, 197.790809853), (<aiohttp.client_proto.ResponseHandler object at 0xb05aca08>, 198.05657353), (<aiohttp.client_proto.ResponseHandler object at 0xb05acbc8>, 198.350484966), (<aiohttp.client_proto.ResponseHandler object at 0xb05acca8>, 198.529292944), (<aiohttp.client_proto.ResponseHandler object at 0xb05acdf8>, 198.729876526), (<aiohttp.client_proto.ResponseHandler object at 0xb05ace68>, 198.90956254), (<aiohttp.client_proto.ResponseHandler object at 0xb05aced8>, 199.074327455), (<aiohttp.client_proto.ResponseHandler object at 0xb05acf48>, 199.273145504), (<aiohttp.client_proto.ResponseHandler object at 0xb05acfb8>, 199.45395341), (<aiohttp.client_proto.ResponseHandler object at 0xb05d0068>, 199.631391898), (<aiohttp.client_proto.ResponseHandler object at 0xb05d00d8>, 199.815102595), (<aiohttp.client_proto.ResponseHandler object at 0xb05d0148>, 199.989243459), (<aiohttp.client_proto.ResponseHandler object at 0xb05d01b8>, 200.192780263), (<aiohttp.client_proto.ResponseHandler object at 0xb05d0228>, 200.396557183), (<aiohttp.client_proto.ResponseHandler object at 0xb05d0298>, 200.596681093), (<aiohttp.client_proto.ResponseHandler object at 0xb05d0308>, 200.772917496), (<aiohttp.client_proto.ResponseHandler object at 0xb05d0378>, 200.994646344), (<aiohttp.client_proto.ResponseHandler object at 0xb05d0458>, 201.155208186), (<aiohttp.client_proto.ResponseHandler object at 0xb05d0538>, 201.332111071), (<aiohttp.client_proto.ResponseHandler object at 0xb05d05a8>, 201.479996166), (<aiohttp.client_proto.ResponseHandler object at 0xb05d0618>, 201.695843328), (<aiohttp.client_proto.ResponseHandler object at 0xb05d0688>, 201.879085871), (<aiohttp.client_proto.ResponseHandler object at 0xb05d06f8>, 202.066946645), (<aiohttp.client_proto.ResponseHandler object at 0xb05d0768>, 202.254231457), (<aiohttp.client_proto.ResponseHandler object at 0xb05d07d8>, 202.429285688), (<aiohttp.client_proto.ResponseHandler object at 0xb05d0848>, 202.617502912), (<aiohttp.client_proto.ResponseHandler object at 0xb05d08b8>, 202.774258826), (<aiohttp.client_proto.ResponseHandler object at 0xb05d0928>, 202.950723628), (<aiohttp.client_proto.ResponseHandler object at 0xb05d0998>, 203.14014122), (<aiohttp.client_proto.ResponseHandler object at 0xb05d0a08>, 203.309012223), (<aiohttp.client_proto.ResponseHandler object at 0xb05d0a78>, 203.496023658), (<aiohttp.client_proto.ResponseHandler object at 0xb05d0ae8>, 203.674794443), (<aiohttp.client_proto.ResponseHandler object at 0xb05d0b58>, 203.851966526), (<aiohttp.client_proto.ResponseHandler object at 0xb05d0bc8>, 204.067101648), (<aiohttp.client_proto.ResponseHandler object at 0xb05d0c38>, 204.237364059), (<aiohttp.client_proto.ResponseHandler object at 0xb05d0ca8>, 204.411333246), (<aiohttp.client_proto.ResponseHandler object at 0xb05d0d18>, 204.622790417), (<aiohttp.client_proto.ResponseHandler object at 0xb05d0d88>, 204.809377581), (<aiohttp.client_proto.ResponseHandler object at 0xb05d0e68>, 205.002581231), (<aiohttp.client_proto.ResponseHandler object at 0xb05d0ed8>, 205.192316759), (<aiohttp.client_proto.ResponseHandler object at 0xb05d0f48>, 205.373438195), (<aiohttp.client_proto.ResponseHandler object at 0xb05d0fb8>, 205.552101711), (<aiohttp.client_proto.ResponseHandler object at 0xb05d1068>, 205.728213899), (<aiohttp.client_proto.ResponseHandler object at 0xb05d10d8>, 205.888386728), (<aiohttp.client_proto.ResponseHandler object at 0xb05d1148>, 206.092715104), (<aiohttp.client_proto.ResponseHandler object at 0xb05d11b8>, 206.281566621), (<aiohttp.client_proto.ResponseHandler object at 0xb05d1228>, 206.499662384), (<aiohttp.client_proto.ResponseHandler object at 0xb05d1308>, 206.718301942), (<aiohttp.client_proto.ResponseHandler object at 0xb05d1378>, 206.954597338), (<aiohttp.client_proto.ResponseHandler object at 0xb05d1458>, 207.211537844), (<aiohttp.client_proto.ResponseHandler object at 0xb05aca78>, 207.443686623), (<aiohttp.client_proto.ResponseHandler object at 0xb05ac7d8>, 207.635642402), (<aiohttp.client_proto.ResponseHandler object at 0xb05ac848>, 207.878460107), (<aiohttp.client_proto.ResponseHandler object at 0xb05ac768>, 208.056027727), (<aiohttp.client_proto.ResponseHandler object at 0xb05d03e8>, 208.228901041), (<aiohttp.client_proto.ResponseHandler object at 0xb05ac8b8>, 208.397503719), (<aiohttp.client_proto.ResponseHandler object at 0xb05acae8>, 208.568093652), (<aiohttp.client_proto.ResponseHandler object at 0xb05d1298>, 208.752339024), (<aiohttp.client_proto.ResponseHandler object at 0xb05d13e8>, 208.926928913), (<aiohttp.client_proto.ResponseHandler object at 0xb05d1500>, 209.113186708), (<aiohttp.client_proto.ResponseHandler object at 0xb05973e8>, 209.30492653), (<aiohttp.client_proto.ResponseHandler object at 0xb05d14c8>, 209.481609753), (<aiohttp.client_proto.ResponseHandler object at 0xb0597730>, 209.689579236), (<aiohttp.client_proto.ResponseHandler object at 0xb03cad18>, 209.876146608), (<aiohttp.client_proto.ResponseHandler object at 0xb03ca9d0>, 210.059491597), (<aiohttp.client_proto.ResponseHandler object at 0xb05970a0>, 210.263878067), (<aiohttp.client_proto.ResponseHandler object at 0xb03ca340>, 210.475055142), (<aiohttp.client_proto.ResponseHandler object at 0xb03ca688>, 210.658417116), (<aiohttp.client_proto.ResponseHandler object at 0xb05acd18>, 210.856970713), (<aiohttp.client_proto.ResponseHandler object at 0xb05d0df8>, 211.025331547)]']
connector: <aiohttp.connector.TCPConnector object at 0xb31d1a50>
2025-04-01 17:14:44,838 - aiogram.dispatcher.dispatcher - ERROR - Cause exception while getting updates.
Traceback (most recent call last):
  File "/home/pi/myenv/lib/python3.7/site-packages/aiogram/dispatcher/dispatcher.py", line 386, in start_polling
    allowed_updates=allowed_updates
  File "/home/pi/myenv/lib/python3.7/site-packages/aiogram/bot/bot.py", line 110, in get_updates
    result = await self.request(api.Methods.GET_UPDATES, payload)
  File "/home/pi/myenv/lib/python3.7/site-packages/aiogram/bot/base.py", line 237, in request
    proxy=self.proxy, proxy_auth=self.proxy_auth, timeout=self.timeout, **kwargs)
  File "/home/pi/myenv/lib/python3.7/site-packages/aiogram/bot/api.py", line 140, in make_request
    return check_result(method, response.content_type, response.status, await response.text())
  File "/home/pi/myenv/lib/python3.7/site-packages/aiogram/bot/api.py", line 119, in check_result
    exceptions.ConflictError.detect(description)
  File "/home/pi/myenv/lib/python3.7/site-packages/aiogram/utils/exceptions.py", line 140, in detect
    raise err(cls.text or description)
aiogram.utils.exceptions.TerminatedByOtherGetUpdates: Terminated by other getupdates request; make sure that only one bot instance is running
2025-04-01 17:14:55,379 - aiogram.dispatcher.dispatcher - ERROR - Cause exception while getting updates.
Traceback (most recent call last):
  File "/home/pi/myenv/lib/python3.7/site-packages/aiogram/dispatcher/dispatcher.py", line 386, in start_polling
    allowed_updates=allowed_updates
  File "/home/pi/myenv/lib/python3.7/site-packages/aiogram/bot/bot.py", line 110, in get_updates
    result = await self.request(api.Methods.GET_UPDATES, payload)
  File "/home/pi/myenv/lib/python3.7/site-packages/aiogram/bot/base.py", line 237, in request
    proxy=self.proxy, proxy_auth=self.proxy_auth, timeout=self.timeout, **kwargs)
  File "/home/pi/myenv/lib/python3.7/site-packages/aiogram/bot/api.py", line 140, in make_request
    return check_result(method, response.content_type, response.status, await response.text())
  File "/home/pi/myenv/lib/python3.7/site-packages/aiogram/bot/api.py", line 119, in check_result
    exceptions.ConflictError.detect(description)
  File "/home/pi/myenv/lib/python3.7/site-packages/aiogram/utils/exceptions.py", line 140, in detect
    raise err(cls.text or description)
aiogram.utils.exceptions.TerminatedByOtherGetUpdates: Terminated by other getupdates request; make sure that only one bot instance is running
2025-04-01 17:15:05,911 - aiogram.dispatcher.dispatcher - ERROR - Cause exception while getting updates.
Traceback (most recent call last):
  File "/home/pi/myenv/lib/python3.7/site-packages/aiogram/dispatcher/dispatcher.py", line 386, in start_polling
    allowed_updates=allowed_updates
  File "/home/pi/myenv/lib/python3.7/site-packages/aiogram/bot/bot.py", line 110, in get_updates
    result = await self.request(api.Methods.GET_UPDATES, payload)
  File "/home/pi/myenv/lib/python3.7/site-packages/aiogram/bot/base.py", line 237, in request
    proxy=self.proxy, proxy_auth=self.proxy_auth, timeout=self.timeout, **kwargs)
  File "/home/pi/myenv/lib/python3.7/site-packages/aiogram/bot/api.py", line 140, in make_request
    return check_result(method, response.content_type, response.status, await response.text())
  File "/home/pi/myenv/lib/python3.7/site-packages/aiogram/bot/api.py", line 119, in check_result
    exceptions.ConflictError.detect(description)
  File "/home/pi/myenv/lib/python3.7/site-packages/aiogram/utils/exceptions.py", line 140, in detect
    raise err(cls.text or description)
aiogram.utils.exceptions.TerminatedByOtherGetUpdates: Terminated by other getupdates request; make sure that only one bot instance is running
