2025-04-25 11:04:24,598 - github_updater - INFO - 출력 디렉토리 생성: docs
2025-04-25 11:04:24,598 - trend_collector - INFO - 데이터 디렉토리 생성: data
2025-04-25 11:04:24,599 - __main__ - ERROR - 페어 초기화 오류: ('005930', '005935', 2.3, 0.3, 249, 1.5, 0.5) - NPPair.__init__() takes 6 positional arguments but 8 were given
2025-04-25 11:04:24,599 - __main__ - ERROR - 페어 초기화 오류: ('450140', '45014K', 2.0, 0.0, 249, 1.5, 0.5) - NPPair.__init__() takes 6 positional arguments but 8 were given
2025-04-25 11:04:24,600 - __main__ - ERROR - 페어 초기화 오류: ('004100', '004105', 2.2, 0.2, 249, 1.5, 0.5) - NPPair.__init__() takes 6 positional arguments but 8 were given
2025-04-25 11:04:24,600 - __main__ - ERROR - 페어 초기화 오류: ('004250', '004255', 2.2, 0.2, 249, 1.5, 0.5) - NPPair.__init__() takes 6 positional arguments but 8 were given
2025-04-25 11:04:24,600 - __main__ - ERROR - 페어 초기화 오류: ('001790', '001795', 2.3, 0.3, 249, 1.5, 0.5) - NPPair.__init__() takes 6 positional arguments but 8 were given
2025-04-25 11:04:24,601 - __main__ - ERROR - 페어 초기화 오류: ('004830', '004835', 2.4, 0.4, 249, 1.5, 0.5) - NPPair.__init__() takes 6 positional arguments but 8 were given
2025-04-25 11:04:24,601 - __main__ - ERROR - 페어 초기화 오류: ('007810', '007815', 2.3, 0.3, 249, 1.5, 0.5) - NPPair.__init__() takes 6 positional arguments but 8 were given
2025-04-25 11:04:24,601 - __main__ - ERROR - 페어 초기화 오류: ('002020', '002025', 2.4, 0.4, 249, 1.5, 0.5) - NPPair.__init__() takes 6 positional arguments but 8 were given
2025-04-25 11:04:24,601 - __main__ - ERROR - 페어 초기화 오류: ('005380', '005385', 2.4, 0.4, 249, 1.5, 0.5) - NPPair.__init__() takes 6 positional arguments but 8 were given
2025-04-25 11:04:24,602 - __main__ - ERROR - 페어 초기화 오류: ('003540', '003545', 2.3, 0.3, 249, 1.5, 0.5) - NPPair.__init__() takes 6 positional arguments but 8 were given
2025-04-25 11:04:24,602 - __main__ - ERROR - 페어 초기화 오류: ('004980', '004985', 2.2, 0.2, 249, 1.5, 0.5) - NPPair.__init__() takes 6 positional arguments but 8 were given
2025-04-25 11:04:24,602 - __main__ - ERROR - 페어 초기화 오류: ('003070', '003075', 2.3, 0.3, 249, 1.5, 0.5) - NPPair.__init__() takes 6 positional arguments but 8 were given
2025-04-25 11:04:24,603 - __main__ - ERROR - 페어 초기화 오류: ('005940', '005945', 2.2, 0.2, 249, 1.5, 0.5) - NPPair.__init__() takes 6 positional arguments but 8 were given
2025-04-25 11:04:24,603 - __main__ - ERROR - 페어 초기화 오류: ('019170', '019175', 2.0, 0.0, 249, 1.5, 0.5) - NPPair.__init__() takes 6 positional arguments but 8 were given
2025-04-25 11:04:24,603 - __main__ - ERROR - 페어 초기화 오류: ('066570', '066575', 2.5, 0.5, 249, 1.5, 0.5) - NPPair.__init__() takes 6 positional arguments but 8 were given
2025-04-25 11:04:24,604 - __main__ - ERROR - 페어 초기화 오류: ('009830', '009835', 2.0, 0.0, 249, 1.5, 0.5) - NPPair.__init__() takes 6 positional arguments but 8 were given
2025-04-25 11:04:24,604 - __main__ - ERROR - 페어 초기화 오류: ('004360', '004365', 2.4, 0.4, 249, 1.5, 0.5) - NPPair.__init__() takes 6 positional arguments but 8 were given
2025-04-25 11:04:24,605 - __main__ - ERROR - 페어 초기화 오류: ('003530', '003535', 2.4, 0.4, 249, 1.5, 0.5) - NPPair.__init__() takes 6 positional arguments but 8 were given
2025-04-25 11:04:24,605 - __main__ - ERROR - 페어 초기화 오류: ('051900', '051905', 2.4, 0.4, 249, 1.5, 0.5) - NPPair.__init__() takes 6 positional arguments but 8 were given
2025-04-25 11:04:24,605 - __main__ - ERROR - 페어 초기화 오류: ('090430', '090435', 2.2, 0.2, 249, 1.5, 0.5) - NPPair.__init__() takes 6 positional arguments but 8 were given
2025-04-25 11:04:24,606 - __main__ - ERROR - 페어 초기화 오류: ('051910', '051915', 2.4, 0.4, 249, 1.5, 0.5) - NPPair.__init__() takes 6 positional arguments but 8 were given
2025-04-25 11:04:24,606 - __main__ - ERROR - 페어 초기화 오류: ('002790', '002795', 2.3, 0.3, 249, 1.5, 0.5) - NPPair.__init__() takes 6 positional arguments but 8 were given
2025-04-25 11:04:24,606 - __main__ - ERROR - 페어 초기화 오류: ('003490', '003495', 2.4, 0.4, 249, 1.5, 0.5) - NPPair.__init__() takes 6 positional arguments but 8 were given
2025-04-25 11:04:24,607 - __main__ - ERROR - 페어 초기화 오류: ('010950', '010955', 2.6, 0.6, 249, 1.5, 0.5) - NPPair.__init__() takes 6 positional arguments but 8 were given
2025-04-25 11:04:24,607 - __main__ - ERROR - 페어 초기화 오류: ('180640', '18064K', 2.1, 0.1, 249, 1.5, 0.5) - NPPair.__init__() takes 6 positional arguments but 8 were given
2025-04-25 11:04:24,607 - __main__ - ERROR - 페어 초기화 오류: ('001510', '001515', 2.3, 0.3, 249, 1.5, 0.5) - NPPair.__init__() takes 6 positional arguments but 8 were given
2025-04-25 11:04:24,608 - __main__ - ERROR - 페어 초기화 오류: ('071050', '071055', 2.2, 0.2, 249, 1.5, 0.5) - NPPair.__init__() takes 6 positional arguments but 8 were given
2025-04-25 11:04:24,608 - __main__ - ERROR - 페어 초기화 오류: ('363280', '36328K', 2.0, 0.0, 249, 1.5, 0.5) - NPPair.__init__() takes 6 positional arguments but 8 were given
2025-04-25 11:04:24,609 - __main__ - ERROR - 페어 초기화 오류: ('006800', '006805', 2.4, 0.4, 249, 1.5, 0.5) - NPPair.__init__() takes 6 positional arguments but 8 were given
2025-04-25 11:04:24,609 - __main__ - ERROR - 페어 초기화 오류: ('005960', '005965', 2.1, 0.1, 249, 1.5, 0.5) - NPPair.__init__() takes 6 positional arguments but 8 were given
2025-04-25 11:04:24,609 - __main__ - ERROR - 페어 초기화 오류: ('264900', '26490K', 2.0, 0.0, 249, 1.5, 0.5) - NPPair.__init__() takes 6 positional arguments but 8 were given
2025-04-25 11:04:24,610 - __main__ - ERROR - 페어 초기화 오류: ('000150', '000155', 2.2, 0.2, 249, 1.5, 0.5) - NPPair.__init__() takes 6 positional arguments but 8 were given
2025-04-25 11:04:24,610 - __main__ - ERROR - 페어 초기화 오류: ('008350', '008355', 2.3, 0.3, 249, 1.5, 0.5) - NPPair.__init__() takes 6 positional arguments but 8 were given
2025-04-25 11:04:24,610 - __main__ - ERROR - 페어 초기화 오류: ('011780', '011785', 2.4, 0.4, 249, 1.5, 0.5) - NPPair.__init__() takes 6 positional arguments but 8 were given
2025-04-25 11:04:24,611 - __main__ - ERROR - 페어 초기화 오류: ('005720', '005725', 2.2, 0.2, 249, 1.5, 0.5) - NPPair.__init__() takes 6 positional arguments but 8 were given
2025-04-25 11:04:24,611 - __main__ - ERROR - 페어 초기화 오류: ('108670', '108675', 2.3, 0.3, 249, 1.5, 0.5) - NPPair.__init__() takes 6 positional arguments but 8 were given
2025-04-25 11:04:24,611 - __main__ - ERROR - 페어 초기화 오류: ('000810', '000815', 2.2, 0.2, 249, 1.5, 0.5) - NPPair.__init__() takes 6 positional arguments but 8 were given
2025-04-25 11:04:24,612 - __main__ - ERROR - 페어 초기화 오류: ('084690', '084695', 2.1, 0.1, 249, 1.5, 0.5) - NPPair.__init__() takes 6 positional arguments but 8 were given
2025-04-25 11:04:24,612 - __main__ - ERROR - 페어 초기화 오류: ('285130', '28513K', 2.3, 0.3, 249, 1.5, 0.5) - NPPair.__init__() takes 6 positional arguments but 8 were given
2025-04-25 11:04:24,612 - __main__ - ERROR - 페어 초기화 오류: ('032680', '032685', 2.0, 0.0, 249, 1.5, 0.5) - NPPair.__init__() takes 6 positional arguments but 8 were given
2025-04-25 11:04:24,612 - __main__ - ERROR - 페어 초기화 오류: ('009150', '009155', 2.4, 0.4, 249, 1.5, 0.5) - NPPair.__init__() takes 6 positional arguments but 8 were given
2025-04-25 11:04:24,612 - __main__ - ERROR - 페어 초기화 오류: ('000320', '000325', 2.3, 0.3, 249, 1.5, 0.5) - NPPair.__init__() takes 6 positional arguments but 8 were given
2025-04-25 11:04:24,613 - __main__ - ERROR - 페어 초기화 오류: ('003550', '003555', 2.2, 0.2, 249, 1.5, 0.5) - NPPair.__init__() takes 6 positional arguments but 8 were given
2025-04-25 11:04:24,613 - __main__ - ERROR - 페어 초기화 오류: ('006400', '006405', 2.1, 0.1, 249, 1.5, 0.5) - NPPair.__init__() takes 6 positional arguments but 8 were given
2025-04-25 11:04:24,613 - __main__ - ERROR - 페어 초기화 오류: ('120110', '120115', 2.0, 0.0, 249, 1.5, 0.5) - NPPair.__init__() takes 6 positional arguments but 8 were given
2025-04-25 11:04:24,613 - __main__ - ERROR - 페어 초기화 오류: ('006340', '006345', 2.4, 0.4, 249, 1.5, 0.5) - NPPair.__init__() takes 6 positional arguments but 8 were given
2025-04-25 11:04:24,614 - __main__ - ERROR - 페어 초기화 오류: ('009410', '009415', 2.3, 0.3, 249, 1.5, 0.5) - NPPair.__init__() takes 6 positional arguments but 8 were given
2025-04-25 11:04:24,614 - __main__ - ERROR - 페어 초기화 오류: ('000540', '000545', 2.3, 0.3, 249, 1.5, 0.5) - NPPair.__init__() takes 6 positional arguments but 8 were given
2025-04-25 11:04:24,614 - __main__ - ERROR - 페어 초기화 오류: ('021040', '021045', 2.2, 0.2, 249, 1.5, 0.5) - NPPair.__init__() takes 6 positional arguments but 8 were given
2025-04-25 11:04:24,615 - __main__ - ERROR - 페어 초기화 오류: ('012200', '012205', 2.4, 0.4, 249, 1.5, 0.5) - NPPair.__init__() takes 6 positional arguments but 8 were given
2025-04-25 11:04:24,615 - __main__ - ERROR - 페어 초기화 오류: ('001750', '001755', 2.1, 0.1, 249, 1.5, 0.5) - NPPair.__init__() takes 6 positional arguments but 8 were given
2025-04-25 11:04:24,615 - __main__ - ERROR - 페어 초기화 오류: ('008770', '008775', 2.2, 0.2, 249, 1.5, 0.5) - NPPair.__init__() takes 6 positional arguments but 8 were given
2025-04-25 11:04:24,616 - __main__ - ERROR - 페어 초기화 오류: ('096770', '096775', 2.0, 0.0, 249, 1.5, 0.5) - NPPair.__init__() takes 6 positional arguments but 8 were given
2025-04-25 11:04:24,616 - __main__ - ERROR - 페어 초기화 오류: ('004410', '004415', 2.3, 0.3, 249, 1.5, 0.5) - NPPair.__init__() takes 6 positional arguments but 8 were given
2025-04-25 11:04:24,616 - __main__ - ERROR - 페어 초기화 오류: ('000720', '000725', 2.2, 0.2, 249, 1.5, 0.5) - NPPair.__init__() takes 6 positional arguments but 8 were given
2025-04-25 11:04:24,617 - __main__ - ERROR - 페어 초기화 오류: ('375500', '37550K', 2.0, 0.0, 249, 1.5, 0.5) - NPPair.__init__() takes 6 positional arguments but 8 were given
2025-04-25 11:04:24,617 - __main__ - ERROR - 페어 초기화 오류: ('078930', '078935', 2.1, 0.1, 249, 1.5, 0.5) - NPPair.__init__() takes 6 positional arguments but 8 were given
2025-04-25 11:04:24,617 - __main__ - ERROR - 페어 초기화 오류: ('014280', '014285', 2.2, 0.2, 249, 1.5, 0.5) - NPPair.__init__() takes 6 positional arguments but 8 were given
2025-04-25 11:04:24,618 - __main__ - ERROR - 페어 초기화 오류: ('001680', '001685', 2.1, 0.1, 249, 1.5, 0.5) - NPPair.__init__() takes 6 positional arguments but 8 were given
2025-04-25 11:04:24,618 - __main__ - ERROR - 페어 초기화 오류: ('002990', '002995', 2.3, 0.3, 249, 1.5, 0.5) - NPPair.__init__() takes 6 positional arguments but 8 were given
2025-04-25 11:04:24,618 - __main__ - ERROR - 페어 초기화 오류: ('097950', '097955', 2.1, 0.1, 249, 1.5, 0.5) - NPPair.__init__() takes 6 positional arguments but 8 were given
2025-04-25 11:04:24,618 - __main__ - ERROR - 페어 초기화 오류: ('006120', '006125', 2.3, 0.3, 249, 1.5, 0.5) - NPPair.__init__() takes 6 positional arguments but 8 were given
2025-04-25 11:04:24,619 - __main__ - ERROR - 페어 초기화 오류: ('000210', '000215', 2.2, 0.2, 249, 1.5, 0.5) - NPPair.__init__() takes 6 positional arguments but 8 were given
2025-04-25 11:04:24,619 - __main__ - ERROR - 페어 초기화 오류: ('090350', '090355', 2.3, 0.3, 249, 1.5, 0.5) - NPPair.__init__() takes 6 positional arguments but 8 were given
2025-04-25 11:04:24,620 - __main__ - ERROR - 페어 초기화 오류: ('001520', '001525', 2.3, 0.3, 249, 1.5, 0.5) - NPPair.__init__() takes 6 positional arguments but 8 were given
2025-04-25 11:04:24,620 - __main__ - ERROR - 페어 초기화 오류: ('000880', '000885', 2.1, 0.1, 249, 1.5, 0.5) - NPPair.__init__() takes 6 positional arguments but 8 were given
2025-04-25 11:04:24,620 - __main__ - ERROR - 페어 초기화 오류: ('001040', '001045', 2.3, 0.3, 249, 1.5, 0.5) - NPPair.__init__() takes 6 positional arguments but 8 were given
2025-04-25 11:04:24,620 - __main__ - ERROR - 페어 초기화 오류: ('005740', '005745', 2.0, 0.0, 249, 1.5, 0.5) - NPPair.__init__() takes 6 positional arguments but 8 were given
2025-04-25 11:04:24,621 - __main__ - ERROR - 페어 초기화 오류: ('005300', '005305', 2.1, 0.1, 249, 1.5, 0.5) - NPPair.__init__() takes 6 positional arguments but 8 were given
2025-04-25 11:04:24,621 - __main__ - ERROR - 페어 초기화 오류: ('034730', '03473K', 2.0, 0.0, 249, 1.5, 0.5) - NPPair.__init__() takes 6 positional arguments but 8 were given
2025-04-25 11:04:24,621 - __main__ - ERROR - 페어 초기화 오류: ('014910', '014915', 2.3, 0.3, 249, 1.5, 0.5) - NPPair.__init__() takes 6 positional arguments but 8 were given
2025-04-25 11:04:24,622 - __main__ - ERROR - 페어 초기화 오류: ('007570', '007575', 2.5, 0.5, 249, 1.5, 0.5) - NPPair.__init__() takes 6 positional arguments but 8 were given
2025-04-25 11:04:24,622 - __main__ - ERROR - 페어 초기화 오류: ('004990', '00499K', 2.0, 0.0, 249, 1.5, 0.5) - NPPair.__init__() takes 6 positional arguments but 8 were given
2025-04-25 11:04:24,622 - __main__ - ERROR - 페어 초기화 오류: ('004540', '004545', 2.3, 0.3, 249, 1.5, 0.5) - NPPair.__init__() takes 6 positional arguments but 8 were given
2025-04-25 11:04:24,622 - __main__ - ERROR - 페어 초기화 오류: ('000100', '000105', 2.2, 0.2, 249, 1.5, 0.5) - NPPair.__init__() takes 6 positional arguments but 8 were given
2025-04-25 11:04:24,623 - __main__ - ERROR - 페어 초기화 오류: ('001270', '001275', 2.5, 0.5, 249, 1.5, 0.5) - NPPair.__init__() takes 6 positional arguments but 8 were given
2025-04-25 11:04:24,623 - __main__ - ERROR - 페어 초기화 오류: ('003920', '003925', 2.3, 0.3, 249, 1.5, 0.5) - NPPair.__init__() takes 6 positional arguments but 8 were given
2025-04-25 11:04:24,623 - __main__ - ERROR - 페어 초기화 오류: ('003460', '003465', 2.3, 0.3, 249, 1.5, 0.5) - NPPair.__init__() takes 6 positional arguments but 8 were given
2025-04-25 11:04:24,623 - __main__ - ERROR - 페어 초기화 오류: ('145990', '145995', 2.2, 0.2, 249, 1.5, 0.5) - NPPair.__init__() takes 6 positional arguments but 8 were given
2025-04-25 11:04:24,624 - __main__ - ERROR - 페어 초기화 오류: ('001060', '001065', 2.2, 0.2, 249, 1.5, 0.5) - NPPair.__init__() takes 6 positional arguments but 8 were given
2025-04-25 11:04:24,624 - __main__ - ERROR - 페어 초기화 오류: ('000140', '000145', 2.3, 0.3, 249, 1.5, 0.5) - NPPair.__init__() takes 6 positional arguments but 8 were given
2025-04-25 11:04:24,624 - __main__ - ERROR - 페어 초기화 오류: ('001460', '001465', 2.5, 0.5, 249, 1.5, 0.5) - NPPair.__init__() takes 6 positional arguments but 8 were given
2025-04-25 11:04:24,625 - __main__ - ERROR - 페어 초기화 오류: ('000070', '000075', 2.1, 0.1, 249, 1.5, 0.5) - NPPair.__init__() takes 6 positional arguments but 8 were given
2025-04-25 11:04:24,625 - __main__ - ERROR - 페어 초기화 오류: ('014820', '014825', 2.3, 0.3, 249, 1.5, 0.5) - NPPair.__init__() takes 6 positional arguments but 8 were given
2025-04-25 11:04:24,625 - __main__ - INFO - 주식 모니터링 시작
2025-04-25 11:04:25,781 - github_updater - WARNING - 신호 데이터 없음 또는 divergent pairs 없음
2025-04-25 11:04:25,781 - github_updater - WARNING - 신호 데이터 없음 또는 divergent pairs 없음
2025-04-25 11:04:25,781 - github_updater - ERROR - HTML 콘텐츠 업데이트 오류: [Errno 2] No such file or directory: 'templates/index.html'
2025-04-25 11:04:25,782 - github_updater - ERROR - HTML 콘텐츠 업데이트 오류: [Errno 2] No such file or directory: 'templates/divergent.html'
2025-04-25 11:04:25,782 - github_updater - INFO - GitHub Pages 업데이트 완료
2025-04-25 11:04:25,782 - __main__ - INFO - GitHub Pages 업데이트 완료
2025-04-25 11:04:26,249 - github_updater - WARNING - 신호 데이터 없음 또는 divergent pairs 없음
2025-04-25 11:04:26,250 - github_updater - WARNING - 신호 데이터 없음 또는 divergent pairs 없음
2025-04-25 11:04:26,250 - github_updater - ERROR - HTML 콘텐츠 업데이트 오류: [Errno 2] No such file or directory: 'templates/index.html'
2025-04-25 11:04:26,250 - github_updater - ERROR - HTML 콘텐츠 업데이트 오류: [Errno 2] No such file or directory: 'templates/divergent.html'
2025-04-25 11:04:26,251 - github_updater - INFO - GitHub Pages 업데이트 완료
2025-04-25 11:04:26,251 - __main__ - INFO - GitHub Pages 업데이트 완료
2025-04-25 11:12:18,364 - __main__ - INFO - 주식 모니터링 시작
2025-04-25 11:12:19,371 - __main__ - INFO - 처리 중인 배치: 1~5 / 84
2025-04-25 11:12:19,377 - pairs - ERROR - Error fetching stock data: The truth value of a DataFrame is ambiguous. Use a.empty, a.bool(), a.item(), a.any() or a.all().
2025-04-25 11:12:19,382 - pairs - ERROR - Error fetching stock data: The truth value of a DataFrame is ambiguous. Use a.empty, a.bool(), a.item(), a.any() or a.all().
2025-04-25 11:12:19,386 - pairs - ERROR - Error fetching stock data: The truth value of a DataFrame is ambiguous. Use a.empty, a.bool(), a.item(), a.any() or a.all().
2025-04-25 11:12:19,390 - pairs - ERROR - Error fetching stock data: The truth value of a DataFrame is ambiguous. Use a.empty, a.bool(), a.item(), a.any() or a.all().
2025-04-25 11:12:19,395 - pairs - ERROR - Error fetching stock data: The truth value of a DataFrame is ambiguous. Use a.empty, a.bool(), a.item(), a.any() or a.all().
2025-04-25 11:12:22,399 - __main__ - INFO - 처리 중인 배치: 6~10 / 84
2025-04-25 11:12:22,403 - pairs - ERROR - Error fetching stock data: The truth value of a DataFrame is ambiguous. Use a.empty, a.bool(), a.item(), a.any() or a.all().
2025-04-25 11:12:22,408 - pairs - ERROR - Error fetching stock data: The truth value of a DataFrame is ambiguous. Use a.empty, a.bool(), a.item(), a.any() or a.all().
2025-04-25 11:12:22,411 - pairs - ERROR - Error fetching stock data: The truth value of a DataFrame is ambiguous. Use a.empty, a.bool(), a.item(), a.any() or a.all().
2025-04-25 11:12:22,416 - pairs - ERROR - Error fetching stock data: The truth value of a DataFrame is ambiguous. Use a.empty, a.bool(), a.item(), a.any() or a.all().
2025-04-25 11:12:22,419 - pairs - ERROR - Error fetching stock data: The truth value of a DataFrame is ambiguous. Use a.empty, a.bool(), a.item(), a.any() or a.all().
2025-04-25 11:14:57,154 - __main__ - INFO - 주식 모니터링 시작
2025-04-25 11:14:58,162 - __main__ - INFO - 처리 중인 배치: 1~5 / 84
2025-04-25 11:14:58,168 - pairs - ERROR - Error fetching stock data: The truth value of a DataFrame is ambiguous. Use a.empty, a.bool(), a.item(), a.any() or a.all().
2025-04-25 11:14:58,172 - pairs - ERROR - Error fetching stock data: The truth value of a DataFrame is ambiguous. Use a.empty, a.bool(), a.item(), a.any() or a.all().
2025-04-25 11:14:58,177 - pairs - ERROR - Error fetching stock data: The truth value of a DataFrame is ambiguous. Use a.empty, a.bool(), a.item(), a.any() or a.all().
2025-04-25 11:14:58,181 - pairs - ERROR - Error fetching stock data: The truth value of a DataFrame is ambiguous. Use a.empty, a.bool(), a.item(), a.any() or a.all().
2025-04-25 11:14:58,186 - pairs - ERROR - Error fetching stock data: The truth value of a DataFrame is ambiguous. Use a.empty, a.bool(), a.item(), a.any() or a.all().
2025-04-25 11:15:01,190 - __main__ - INFO - 처리 중인 배치: 6~10 / 84
2025-04-25 11:15:01,194 - pairs - ERROR - Error fetching stock data: The truth value of a DataFrame is ambiguous. Use a.empty, a.bool(), a.item(), a.any() or a.all().
2025-04-25 11:15:01,198 - pairs - ERROR - Error fetching stock data: The truth value of a DataFrame is ambiguous. Use a.empty, a.bool(), a.item(), a.any() or a.all().
2025-04-25 11:15:01,203 - pairs - ERROR - Error fetching stock data: The truth value of a DataFrame is ambiguous. Use a.empty, a.bool(), a.item(), a.any() or a.all().
2025-04-25 11:15:01,206 - pairs - ERROR - Error fetching stock data: The truth value of a DataFrame is ambiguous. Use a.empty, a.bool(), a.item(), a.any() or a.all().
2025-04-25 11:15:01,211 - pairs - ERROR - Error fetching stock data: The truth value of a DataFrame is ambiguous. Use a.empty, a.bool(), a.item(), a.any() or a.all().
2025-04-25 11:19:32,812 - __main__ - INFO - 주식 모니터링 시작
2025-04-25 11:19:33,794 - __main__ - INFO - 처리 중인 배치: 1~5 / 84
2025-04-25 11:19:36,899 - __main__ - INFO - 처리 중인 배치: 6~10 / 84
2025-04-25 11:19:39,995 - __main__ - INFO - 처리 중인 배치: 11~15 / 84
2025-04-25 11:19:43,093 - __main__ - INFO - 처리 중인 배치: 16~20 / 84
2025-04-25 11:19:46,241 - __main__ - INFO - 처리 중인 배치: 21~25 / 84
2025-04-25 11:19:49,337 - __main__ - INFO - 처리 중인 배치: 26~30 / 84
2025-04-25 11:19:52,486 - __main__ - INFO - 처리 중인 배치: 31~35 / 84
2025-04-25 11:19:55,583 - __main__ - INFO - 처리 중인 배치: 36~40 / 84
2025-04-25 11:19:58,731 - __main__ - INFO - 처리 중인 배치: 41~45 / 84
2025-04-25 11:20:01,827 - __main__ - INFO - 처리 중인 배치: 46~50 / 84
2025-04-25 11:20:04,924 - __main__ - INFO - 처리 중인 배치: 51~55 / 84
2025-04-25 11:20:08,021 - __main__ - INFO - 처리 중인 배치: 56~60 / 84
2025-04-25 11:20:11,152 - __main__ - INFO - 처리 중인 배치: 61~65 / 84
2025-04-25 11:20:14,249 - __main__ - INFO - 처리 중인 배치: 66~70 / 84
2025-04-25 11:20:17,393 - __main__ - INFO - 처리 중인 배치: 71~75 / 84
2025-04-25 11:20:20,489 - __main__ - INFO - 처리 중인 배치: 76~80 / 84
2025-04-25 11:20:23,638 - __main__ - INFO - 처리 중인 배치: 81~84 / 84
2025-04-25 11:20:23,715 - github_updater - INFO - 파싱된 신호 수: 0
2025-04-25 11:20:23,715 - github_updater - WARNING - 신호 데이터 없음 또는 divergent pairs 없음
2025-04-25 11:20:23,717 - github_updater - INFO - HTML 콘텐츠 업데이트 완료: docs/index.html (1 행)
2025-04-25 11:20:23,718 - github_updater - ERROR - HTML 콘텐츠 업데이트 오류: [Errno 2] No such file or directory: 'templates/divergent.html'
2025-04-25 11:20:23,718 - github_updater - INFO - GitHub Pages 업데이트 완료
2025-04-25 11:20:23,718 - __main__ - INFO - GitHub Pages 업데이트 완료
2025-04-25 11:20:24,797 - __main__ - INFO - 처리 중인 배치: 1~5 / 84
2025-04-25 11:20:27,894 - __main__ - INFO - 처리 중인 배치: 6~10 / 84
2025-04-25 11:20:30,991 - __main__ - INFO - 처리 중인 배치: 11~15 / 84
2025-04-25 11:20:34,088 - __main__ - INFO - 처리 중인 배치: 16~20 / 84
2025-04-25 11:20:37,247 - __main__ - INFO - 처리 중인 배치: 21~25 / 84
2025-04-25 11:20:40,344 - __main__ - INFO - 처리 중인 배치: 26~30 / 84
2025-04-25 11:20:43,492 - __main__ - INFO - 처리 중인 배치: 31~35 / 84
2025-04-25 11:20:46,588 - __main__ - INFO - 처리 중인 배치: 36~40 / 84
2025-04-25 11:20:49,720 - __main__ - INFO - 처리 중인 배치: 41~45 / 84
2025-04-25 11:20:52,817 - __main__ - INFO - 처리 중인 배치: 46~50 / 84
2025-04-25 11:20:55,970 - __main__ - INFO - 처리 중인 배치: 51~55 / 84
2025-04-25 11:20:59,066 - __main__ - INFO - 처리 중인 배치: 56~60 / 84
2025-04-25 11:21:02,213 - __main__ - INFO - 처리 중인 배치: 61~65 / 84
2025-04-25 11:21:05,312 - __main__ - INFO - 처리 중인 배치: 66~70 / 84
2025-04-25 11:21:08,453 - __main__ - INFO - 처리 중인 배치: 71~75 / 84
2025-04-25 11:21:11,548 - __main__ - INFO - 처리 중인 배치: 76~80 / 84
2025-04-25 11:21:14,686 - __main__ - INFO - 처리 중인 배치: 81~84 / 84
2025-04-25 11:21:14,764 - github_updater - INFO - 파싱된 신호 수: 0
2025-04-25 11:21:14,764 - github_updater - WARNING - 신호 데이터 없음 또는 divergent pairs 없음
2025-04-25 11:21:14,766 - github_updater - INFO - HTML 콘텐츠 업데이트 완료: docs/index.html (1 행)
2025-04-25 11:21:14,767 - github_updater - ERROR - HTML 콘텐츠 업데이트 오류: [Errno 2] No such file or directory: 'templates/divergent.html'
2025-04-25 11:21:14,767 - github_updater - INFO - GitHub Pages 업데이트 완료
2025-04-25 11:21:14,767 - __main__ - INFO - GitHub Pages 업데이트 완료
2025-04-25 11:31:25,292 - __main__ - INFO - 주식 모니터링 시작
2025-04-25 11:31:26,302 - __main__ - INFO - 처리 중인 배치: 1~5 / 84
2025-04-25 11:31:29,408 - __main__ - INFO - 처리 중인 배치: 6~10 / 84
2025-04-25 11:31:32,560 - __main__ - INFO - 처리 중인 배치: 11~15 / 84
2025-04-25 11:31:35,657 - __main__ - INFO - 처리 중인 배치: 16~20 / 84
2025-04-25 11:31:38,787 - __main__ - INFO - 처리 중인 배치: 21~25 / 84
2025-04-25 11:31:41,895 - __main__ - INFO - 처리 중인 배치: 26~30 / 84
2025-04-25 11:31:45,036 - __main__ - INFO - 처리 중인 배치: 31~35 / 84
2025-04-25 11:31:48,132 - __main__ - INFO - 처리 중인 배치: 36~40 / 84
2025-04-25 11:31:51,281 - __main__ - INFO - 처리 중인 배치: 41~45 / 84
2025-04-25 11:31:54,378 - __main__ - INFO - 처리 중인 배치: 46~50 / 84
2025-04-25 11:31:57,530 - __main__ - INFO - 처리 중인 배치: 51~55 / 84
2025-04-25 11:32:00,627 - __main__ - INFO - 처리 중인 배치: 56~60 / 84
2025-04-25 11:32:03,771 - __main__ - INFO - 처리 중인 배치: 61~65 / 84
2025-04-25 11:32:06,890 - __main__ - INFO - 처리 중인 배치: 66~70 / 84
2025-04-25 11:32:09,987 - __main__ - INFO - 처리 중인 배치: 71~75 / 84
2025-04-25 11:32:13,084 - __main__ - INFO - 처리 중인 배치: 76~80 / 84
2025-04-25 11:32:16,239 - __main__ - INFO - 처리 중인 배치: 81~84 / 84
2025-04-25 11:32:16,359 - github_updater - INFO - 파싱된 신호 수: 0
2025-04-25 11:32:16,359 - github_updater - WARNING - 신호 데이터 없음 또는 divergent pairs 없음
2025-04-25 11:32:16,361 - github_updater - INFO - HTML 콘텐츠 업데이트 완료: docs/index.html (1 행)
2025-04-25 11:32:16,363 - github_updater - INFO - HTML 콘텐츠 업데이트 완료: docs/stock-detail.html (1 행)
2025-04-25 11:32:16,364 - github_updater - INFO - GitHub Pages 업데이트 완료
2025-04-25 11:32:16,364 - __main__ - INFO - GitHub Pages 업데이트 완료
2025-04-25 11:32:17,355 - __main__ - INFO - 처리 중인 배치: 1~5 / 84
2025-04-25 11:32:20,451 - __main__ - INFO - 처리 중인 배치: 6~10 / 84
2025-04-25 11:32:23,557 - __main__ - INFO - 처리 중인 배치: 11~15 / 84
2025-04-25 11:32:26,655 - __main__ - INFO - 처리 중인 배치: 16~20 / 84
2025-04-25 11:32:29,757 - __main__ - INFO - 처리 중인 배치: 21~25 / 84
2025-04-25 11:32:32,902 - __main__ - INFO - 처리 중인 배치: 26~30 / 84
2025-04-25 11:32:36,001 - __main__ - INFO - 처리 중인 배치: 31~35 / 84
2025-04-25 11:32:39,158 - __main__ - INFO - 처리 중인 배치: 36~40 / 84
2025-04-25 11:32:42,254 - __main__ - INFO - 처리 중인 배치: 41~45 / 84
2025-04-25 11:32:45,388 - __main__ - INFO - 처리 중인 배치: 46~50 / 84
2025-04-25 11:32:48,485 - __main__ - INFO - 처리 중인 배치: 51~55 / 84
2025-04-25 11:32:51,635 - __main__ - INFO - 처리 중인 배치: 56~60 / 84
2025-04-25 11:32:54,734 - __main__ - INFO - 처리 중인 배치: 61~65 / 84
2025-04-25 11:32:57,833 - __main__ - INFO - 처리 중인 배치: 66~70 / 84
2025-04-25 11:33:00,932 - __main__ - INFO - 처리 중인 배치: 71~75 / 84
2025-04-25 11:33:04,087 - __main__ - INFO - 처리 중인 배치: 76~80 / 84
2025-04-25 11:33:07,188 - __main__ - INFO - 처리 중인 배치: 81~84 / 84
2025-04-25 11:33:07,315 - github_updater - INFO - 파싱된 신호 수: 0
2025-04-25 11:33:07,316 - github_updater - WARNING - 신호 데이터 없음 또는 divergent pairs 없음
2025-04-25 11:33:07,319 - github_updater - INFO - HTML 콘텐츠 업데이트 완료: docs/index.html (1 행)
2025-04-25 11:33:07,322 - github_updater - INFO - HTML 콘텐츠 업데이트 완료: docs/stock-detail.html (1 행)
2025-04-25 11:33:07,323 - github_updater - INFO - GitHub Pages 업데이트 완료
2025-04-25 11:33:07,323 - __main__ - INFO - GitHub Pages 업데이트 완료
