nohup: ignoring input
2025-04-01 17:15:33,762 - __main__ - INFO - 트렌드 데이터 수집 시작...
/usr/lib/python3.7/html/parser.py:171: XMLParsedAsHTMLWarning: It looks like you're parsing an XML document using an HTML parser. If this really is an HTML document (maybe it's XHTML?), you can ignore or filter this warning. If it's XML, you should know that using an XML parser will be more reliable. To parse this document as XML, make sure you have the lxml package installed, and pass the keyword argument `features="xml"` into the BeautifulSoup constructor.
  k = self.parse_starttag(i)
2025-04-01 17:15:35,841 - __main__ - INFO -  트렌드 데이터 수집 완료
2025-04-01 17:15:36,002 - __main__ - INFO -  트렌드 데이터 수집 완료
2025-04-01 17:15:36,144 - __main__ - INFO -  트렌드 데이터 수집 완료
2025-04-01 17:15:36,294 - __main__ - INFO -  트렌드 데이터 수집 완료
2025-04-01 17:15:36,467 - __main__ - INFO -  트렌드 데이터 수집 완료
2025-04-01 17:15:36,627 - __main__ - INFO -  트렌드 데이터 수집 완료
2025-04-01 17:15:36,796 - __main__ - INFO -  트렌드 데이터 수집 완료
2025-04-01 17:15:36,962 - __main__ - INFO -  트렌드 데이터 수집 완료
2025-04-01 17:15:37,100 - __main__ - INFO -  트렌드 데이터 수집 완료
2025-04-01 17:15:37,225 - __main__ - INFO -  트렌드 데이터 수집 완료
2025-04-01 17:15:37,351 - __main__ - INFO -  트렌드 데이터 수집 완료
2025-04-01 17:15:37,470 - __main__ - INFO -  트렌드 데이터 수집 완료
2025-04-01 17:15:37,649 - __main__ - INFO -  트렌드 데이터 수집 완료
2025-04-01 17:15:37,791 - __main__ - INFO -  트렌드 데이터 수집 완료
2025-04-01 17:15:37,917 - __main__ - INFO -  트렌드 데이터 수집 완료
2025-04-01 17:15:38,037 - __main__ - INFO -  트렌드 데이터 수집 완료
2025-04-01 17:15:38,157 - __main__ - INFO -  트렌드 데이터 수집 완료
2025-04-01 17:15:38,279 - __main__ - INFO -  트렌드 데이터 수집 완료
2025-04-01 17:15:38,409 - __main__ - INFO -  트렌드 데이터 수집 완료
2025-04-01 17:15:38,530 - __main__ - INFO -  트렌드 데이터 수집 완료
2025-04-01 17:15:38,650 - __main__ - INFO -  트렌드 데이터 수집 완료
2025-04-01 17:15:38,771 - __main__ - INFO -  트렌드 데이터 수집 완료
2025-04-01 17:15:38,910 - __main__ - INFO -  트렌드 데이터 수집 완료
2025-04-01 17:15:39,035 - __main__ - INFO -  트렌드 데이터 수집 완료
2025-04-01 17:15:39,163 - __main__ - INFO -  트렌드 데이터 수집 완료
2025-04-01 17:15:39,284 - __main__ - INFO -  트렌드 데이터 수집 완료
2025-04-01 17:15:39,409 - __main__ - INFO -  트렌드 데이터 수집 완료
2025-04-01 17:15:39,532 - __main__ - INFO -  트렌드 데이터 수집 완료
2025-04-01 17:15:39,654 - __main__ - INFO -  트렌드 데이터 수집 완료
2025-04-01 17:15:39,789 - __main__ - INFO -  트렌드 데이터 수집 완료
2025-04-01 17:15:39,920 - __main__ - INFO -  트렌드 데이터 수집 완료
2025-04-01 17:15:40,044 - __main__ - INFO -  트렌드 데이터 수집 완료
2025-04-01 17:15:40,175 - __main__ - INFO -  트렌드 데이터 수집 완료
2025-04-01 17:15:40,294 - __main__ - INFO -  트렌드 데이터 수집 완료
2025-04-01 17:15:40,414 - __main__ - INFO -  트렌드 데이터 수집 완료
2025-04-01 17:15:40,543 - __main__ - INFO -  트렌드 데이터 수집 완료
2025-04-01 17:15:40,666 - __main__ - INFO -  트렌드 데이터 수집 완료
2025-04-01 17:15:40,795 - __main__ - INFO -  트렌드 데이터 수집 완료
2025-04-01 17:15:40,918 - __main__ - INFO -  트렌드 데이터 수집 완료
2025-04-01 17:15:41,041 - __main__ - INFO -  트렌드 데이터 수집 완료
2025-04-01 17:15:41,167 - __main__ - INFO -  트렌드 데이터 수집 완료
2025-04-01 17:15:41,306 - __main__ - INFO -  트렌드 데이터 수집 완료
2025-04-01 17:15:41,428 - __main__ - INFO -  트렌드 데이터 수집 완료
2025-04-01 17:15:41,549 - __main__ - INFO -  트렌드 데이터 수집 완료
2025-04-01 17:15:41,672 - __main__ - INFO -  트렌드 데이터 수집 완료
2025-04-01 17:15:41,795 - __main__ - INFO -  트렌드 데이터 수집 완료
2025-04-01 17:15:41,918 - __main__ - INFO -  트렌드 데이터 수집 완료
2025-04-01 17:15:42,049 - __main__ - INFO -  트렌드 데이터 수집 완료
2025-04-01 17:15:42,197 - __main__ - INFO -  트렌드 데이터 수집 완료
2025-04-01 17:15:42,316 - __main__ - INFO -  트렌드 데이터 수집 완료
2025-04-01 17:15:42,439 - __main__ - INFO -  트렌드 데이터 수집 완료
2025-04-01 17:15:42,565 - __main__ - INFO -  트렌드 데이터 수집 완료
2025-04-01 17:15:42,694 - __main__ - INFO -  트렌드 데이터 수집 완료
2025-04-01 17:15:42,850 - __main__ - INFO -  트렌드 데이터 수집 완료
2025-04-01 17:15:42,980 - __main__ - INFO -  트렌드 데이터 수집 완료
2025-04-01 17:15:43,102 - __main__ - INFO -  트렌드 데이터 수집 완료
2025-04-01 17:15:43,248 - __main__ - INFO -  트렌드 데이터 수집 완료
2025-04-01 17:15:43,367 - __main__ - INFO -  트렌드 데이터 수집 완료
2025-04-01 17:15:43,503 - __main__ - INFO -  트렌드 데이터 수집 완료
2025-04-01 17:15:43,630 - __main__ - INFO -  트렌드 데이터 수집 완료
2025-04-01 17:15:43,752 - __main__ - INFO -  트렌드 데이터 수집 완료
2025-04-01 17:15:43,874 - __main__ - INFO -  트렌드 데이터 수집 완료
2025-04-01 17:15:43,997 - __main__ - INFO -  트렌드 데이터 수집 완료
2025-04-01 17:15:44,116 - __main__ - INFO -  트렌드 데이터 수집 완료
2025-04-01 17:15:44,267 - __main__ - INFO -  트렌드 데이터 수집 완료
2025-04-01 17:15:44,385 - __main__ - INFO -  트렌드 데이터 수집 완료
2025-04-01 17:15:44,507 - __main__ - INFO -  트렌드 데이터 수집 완료
2025-04-01 17:15:44,630 - __main__ - INFO -  트렌드 데이터 수집 완료
2025-04-01 17:15:44,755 - __main__ - INFO -  트렌드 데이터 수집 완료
2025-04-01 17:15:44,877 - __main__ - INFO -  트렌드 데이터 수집 완료
2025-04-01 17:15:45,006 - __main__ - INFO -  트렌드 데이터 수집 완료
2025-04-01 17:15:45,128 - __main__ - INFO -  트렌드 데이터 수집 완료
2025-04-01 17:15:45,254 - __main__ - INFO -  트렌드 데이터 수집 완료
2025-04-01 17:15:45,372 - __main__ - INFO -  트렌드 데이터 수집 완료
2025-04-01 17:15:45,495 - __main__ - INFO -  트렌드 데이터 수집 완료
2025-04-01 17:15:45,616 - __main__ - INFO -  트렌드 데이터 수집 완료
2025-04-01 17:15:45,750 - __main__ - INFO -  트렌드 데이터 수집 완료
2025-04-01 17:15:45,877 - __main__ - INFO -  트렌드 데이터 수집 완료
2025-04-01 17:15:45,995 - __main__ - INFO -  트렌드 데이터 수집 완료
2025-04-01 17:15:46,117 - __main__ - INFO -  트렌드 데이터 수집 완료
2025-04-01 17:15:46,251 - __main__ - INFO -  트렌드 데이터 수집 완료
2025-04-01 17:15:46,374 - __main__ - INFO -  트렌드 데이터 수집 완료
2025-04-01 17:15:46,502 - __main__ - INFO -  트렌드 데이터 수집 완료
2025-04-01 17:15:46,620 - __main__ - INFO -  트렌드 데이터 수집 완료
2025-04-01 17:15:46,742 - __main__ - INFO -  트렌드 데이터 수집 완료
2025-04-01 17:15:46,743 - __main__ - INFO - 트렌드 데이터 수집 완료: 성공 85개, 실패 0개
2025-04-01 17:15:46,744 - asyncio - ERROR - Unclosed client session
client_session: <aiohttp.client.ClientSession object at 0xb32a8350>
2025-04-01 17:15:46,759 - asyncio - ERROR - Unclosed connector
connections: ['[(<aiohttp.client_proto.ResponseHandler object at 0xb0e7afb8>, 267.940092715), (<aiohttp.client_proto.ResponseHandler object at 0xb0643068>, 268.086243014), (<aiohttp.client_proto.ResponseHandler object at 0xb0643340>, 268.246938523), (<aiohttp.client_proto.ResponseHandler object at 0xb0643458>, 268.389849489), (<aiohttp.client_proto.ResponseHandler object at 0xb06434c8>, 268.538821642), (<aiohttp.client_proto.ResponseHandler object at 0xb0643538>, 268.71226238), (<aiohttp.client_proto.ResponseHandler object at 0xb06435a8>, 268.872117369), (<aiohttp.client_proto.ResponseHandler object at 0xb0643618>, 269.041398684), (<aiohttp.client_proto.ResponseHandler object at 0xb0643688>, 269.207074844), (<aiohttp.client_proto.ResponseHandler object at 0xb06436f8>, 269.345804077), (<aiohttp.client_proto.ResponseHandler object at 0xb0643768>, 269.470550856), (<aiohttp.client_proto.ResponseHandler object at 0xb06437d8>, 269.596439837), (<aiohttp.client_proto.ResponseHandler object at 0xb0643848>, 269.715711679), (<aiohttp.client_proto.ResponseHandler object at 0xb06438b8>, 269.894727857), (<aiohttp.client_proto.ResponseHandler object at 0xb0643928>, 270.036445011), (<aiohttp.client_proto.ResponseHandler object at 0xb0643998>, 270.16194061), (<aiohttp.client_proto.ResponseHandler object at 0xb0643a08>, 270.282437398), (<aiohttp.client_proto.ResponseHandler object at 0xb0643a78>, 270.401840914), (<aiohttp.client_proto.ResponseHandler object at 0xb0643ae8>, 270.52526945), (<aiohttp.client_proto.ResponseHandler object at 0xb0643b58>, 270.654366014), (<aiohttp.client_proto.ResponseHandler object at 0xb0643bc8>, 270.775940565), (<aiohttp.client_proto.ResponseHandler object at 0xb0643c38>, 270.895930625), (<aiohttp.client_proto.ResponseHandler object at 0xb0643ca8>, 271.017267921), (<aiohttp.client_proto.ResponseHandler object at 0xb0643d18>, 271.155338731), (<aiohttp.client_proto.ResponseHandler object at 0xb0643d88>, 271.281390484), (<aiohttp.client_proto.ResponseHandler object at 0xb0643df8>, 271.408242376), (<aiohttp.client_proto.ResponseHandler object at 0xb0643e68>, 271.529606959), (<aiohttp.client_proto.ResponseHandler object at 0xb0643ed8>, 271.654359463), (<aiohttp.client_proto.ResponseHandler object at 0xb0643f48>, 271.776936839), (<aiohttp.client_proto.ResponseHandler object at 0xb0643fb8>, 271.899895653), (<aiohttp.client_proto.ResponseHandler object at 0xb0667068>, 272.034799569), (<aiohttp.client_proto.ResponseHandler object at 0xb06670d8>, 272.165331378), (<aiohttp.client_proto.ResponseHandler object at 0xb0667148>, 272.289227256), (<aiohttp.client_proto.ResponseHandler object at 0xb06671b8>, 272.420547284), (<aiohttp.client_proto.ResponseHandler object at 0xb0667228>, 272.539513251), (<aiohttp.client_proto.ResponseHandler object at 0xb0667298>, 272.659395795), (<aiohttp.client_proto.ResponseHandler object at 0xb0667308>, 272.788582231), (<aiohttp.client_proto.ResponseHandler object at 0xb0667378>, 272.911697404), (<aiohttp.client_proto.ResponseHandler object at 0xb06673e8>, 273.040496125), (<aiohttp.client_proto.ResponseHandler object at 0xb0667458>, 273.163413597), (<aiohttp.client_proto.ResponseHandler object at 0xb06674c8>, 273.286435906), (<aiohttp.client_proto.ResponseHandler object at 0xb0667538>, 273.413341096), (<aiohttp.client_proto.ResponseHandler object at 0xb06675a8>, 273.551056914), (<aiohttp.client_proto.ResponseHandler object at 0xb0667618>, 273.6730088), (<aiohttp.client_proto.ResponseHandler object at 0xb0667688>, 273.794607971), (<aiohttp.client_proto.ResponseHandler object at 0xb06676f8>, 273.917121274), (<aiohttp.client_proto.ResponseHandler object at 0xb0667768>, 274.040569265), (<aiohttp.client_proto.ResponseHandler object at 0xb06677d8>, 274.163724723), (<aiohttp.client_proto.ResponseHandler object at 0xb0667998>, 274.294259006), (<aiohttp.client_proto.ResponseHandler object at 0xb0667a08>, 274.442451638), (<aiohttp.client_proto.ResponseHandler object at 0xb0667848>, 274.561314753), (<aiohttp.client_proto.ResponseHandler object at 0xb0667a78>, 274.684507627), (<aiohttp.client_proto.ResponseHandler object at 0xb06678b8>, 274.811091535), (<aiohttp.client_proto.ResponseHandler object at 0xb0667ae8>, 274.940612153), (<aiohttp.client_proto.ResponseHandler object at 0xb0667928>, 275.0952851), (<aiohttp.client_proto.ResponseHandler object at 0xb0667b58>, 275.225451169), (<aiohttp.client_proto.ResponseHandler object at 0xb0667bc8>, 275.347454472), (<aiohttp.client_proto.ResponseHandler object at 0xb0667c38>, 275.493048717), (<aiohttp.client_proto.ResponseHandler object at 0xb0667ca8>, 275.612473589), (<aiohttp.client_proto.ResponseHandler object at 0xb0667d18>, 275.74790232), (<aiohttp.client_proto.ResponseHandler object at 0xb0667d88>, 275.875518702), (<aiohttp.client_proto.ResponseHandler object at 0xb0667df8>, 275.99709863), (<aiohttp.client_proto.ResponseHandler object at 0xb0667e68>, 276.118815907), (<aiohttp.client_proto.ResponseHandler object at 0xb0667ed8>, 276.24274674), (<aiohttp.client_proto.ResponseHandler object at 0xb0667f48>, 276.36205658), (<aiohttp.client_proto.ResponseHandler object at 0xb0667fb8>, 276.512568571), (<aiohttp.client_proto.ResponseHandler object at 0xb0668068>, 276.630574177), (<aiohttp.client_proto.ResponseHandler object at 0xb06680d8>, 276.752197779), (<aiohttp.client_proto.ResponseHandler object at 0xb0668148>, 276.875707312), (<aiohttp.client_proto.ResponseHandler object at 0xb06681b8>, 277.000609896), (<aiohttp.client_proto.ResponseHandler object at 0xb0668228>, 277.122400254), (<aiohttp.client_proto.ResponseHandler object at 0xb0668298>, 277.251672728), (<aiohttp.client_proto.ResponseHandler object at 0xb0668308>, 277.373689088), (<aiohttp.client_proto.ResponseHandler object at 0xb0668378>, 277.499380593), (<aiohttp.client_proto.ResponseHandler object at 0xb06683e8>, 277.617727292), (<aiohttp.client_proto.ResponseHandler object at 0xb0668458>, 277.740772433), (<aiohttp.client_proto.ResponseHandler object at 0xb06684c8>, 277.868096337), (<aiohttp.client_proto.ResponseHandler object at 0xb0668538>, 277.995069117), (<aiohttp.client_proto.ResponseHandler object at 0xb06685a8>, 278.122155692), (<aiohttp.client_proto.ResponseHandler object at 0xb0668618>, 278.240727147), (<aiohttp.client_proto.ResponseHandler object at 0xb0668688>, 278.370066337), (<aiohttp.client_proto.ResponseHandler object at 0xb0668848>, 278.499460437), (<aiohttp.client_proto.ResponseHandler object at 0xb06686f8>, 278.619114251), (<aiohttp.client_proto.ResponseHandler object at 0xb0668768>, 278.747307889), (<aiohttp.client_proto.ResponseHandler object at 0xb06687d8>, 278.865717131)]']
connector: <aiohttp.connector.TCPConnector object at 0xb3267a50>
