2025-04-28 11:30:45,083 - root - INFO - Logging initialized
2025-04-28 11:30:52,310 - root - INFO - Logging initialized
2025-04-28 11:30:59,559 - root - INFO - Logging initialized
2025-04-28 11:31:06,842 - root - INFO - Logging initialized
2025-04-28 11:31:14,285 - root - INFO - Logging initialized
2025-04-28 11:31:44,937 - root - INFO - Logging initialized
2025-04-28 11:31:45,005 - root - INFO - Logging initialized
2025-04-28 11:31:45,323 - modules.telegram - INFO - Creating new TelegramBot instance
2025-04-28 11:31:45,324 - modules.telegram - INFO - Initializing TelegramBot
2025-04-28 11:31:45,528 - modules.telegram - INFO - TelegramBot initialization complete
2025-04-28 11:31:45,529 - __main__ - INFO - Starting Stock Monitor...
2025-04-28 11:31:45,530 - modules.telegram - INFO - Resetting webhook
2025-04-28 11:31:48,060 - modules.telegram - INFO - Webhook reset complete
2025-04-28 11:31:48,060 - modules.telegram - INFO - Telegram bot started successfully
2025-04-28 11:31:48,061 - __main__ - INFO - Fetching signals for periodic update...
2025-04-28 11:31:48,062 - __main__ - INFO - 처리 중인 배치: 1~5 / 84
2025-04-28 11:31:48,062 - modules.telegram - INFO - Starting telegram polling
2025-04-28 11:31:48,063 - modules.telegram - INFO - Resetting webhook
2025-04-28 11:31:52,554 - root - INFO - Logging initialized
2025-04-28 11:31:54,673 - modules.telegram - INFO - Webhook reset complete
2025-04-28 11:31:54,673 - aiogram.dispatcher.dispatcher - INFO - Start polling.
2025-04-28 11:31:56,417 - __main__ - INFO - 처리 중인 배치: 6~10 / 84
2025-04-28 11:32:00,290 - root - INFO - Logging initialized
2025-04-28 11:32:04,351 - __main__ - INFO - 처리 중인 배치: 11~15 / 84
2025-04-28 11:32:07,805 - root - INFO - Logging initialized
2025-04-28 11:32:12,395 - __main__ - INFO - 처리 중인 배치: 16~20 / 84
2025-04-28 11:32:15,355 - root - INFO - Logging initialized
2025-04-28 11:32:20,595 - __main__ - INFO - 처리 중인 배치: 21~25 / 84
2025-04-28 11:32:23,344 - root - INFO - Logging initialized
2025-04-28 11:32:29,011 - __main__ - INFO - 처리 중인 배치: 26~30 / 84
2025-04-28 11:32:31,700 - root - INFO - Logging initialized
2025-04-28 11:32:38,971 - __main__ - INFO - 처리 중인 배치: 31~35 / 84
2025-04-28 11:32:41,405 - root - INFO - Logging initialized
2025-04-28 11:32:50,840 - root - INFO - Logging initialized
2025-04-28 11:32:51,955 - __main__ - INFO - 처리 중인 배치: 36~40 / 84
2025-04-28 11:32:59,888 - root - INFO - Logging initialized
2025-04-28 11:33:04,135 - __main__ - INFO - 처리 중인 배치: 41~45 / 84
2025-04-28 11:33:08,528 - root - INFO - Logging initialized
2025-04-28 11:33:14,195 - __main__ - INFO - 처리 중인 배치: 46~50 / 84
2025-04-28 11:33:16,836 - root - INFO - Logging initialized
2025-04-28 11:33:23,427 - __main__ - INFO - 처리 중인 배치: 51~55 / 84
2025-04-28 11:33:24,643 - root - INFO - Logging initialized
2025-04-28 11:33:31,773 - __main__ - INFO - 처리 중인 배치: 56~60 / 84
2025-04-28 11:33:32,128 - root - INFO - Logging initialized
2025-04-28 11:33:39,607 - root - INFO - Logging initialized
2025-04-28 11:33:40,239 - __main__ - INFO - 처리 중인 배치: 61~65 / 84
2025-04-28 11:33:46,970 - root - INFO - Logging initialized
2025-04-28 11:33:48,215 - __main__ - INFO - 처리 중인 배치: 66~70 / 84
2025-04-28 11:33:54,573 - root - INFO - Logging initialized
2025-04-28 11:33:55,777 - __main__ - INFO - 처리 중인 배치: 71~75 / 84
2025-04-28 11:34:02,066 - root - INFO - Logging initialized
2025-04-28 11:34:02,864 - __main__ - INFO - 처리 중인 배치: 76~80 / 84
2025-04-28 11:34:09,346 - root - INFO - Logging initialized
2025-04-28 11:34:10,340 - __main__ - INFO - 처리 중인 배치: 81~84 / 84
2025-04-28 11:34:14,162 - modules.telegram - INFO - Sending message to chat -1001471005474
2025-04-28 11:34:15,147 - modules.telegram - INFO - Message sent successfully
2025-04-28 11:34:15,148 - modules.telegram - INFO - Sending message to chat -1001471005474
2025-04-28 11:34:15,638 - modules.telegram - INFO - Message sent successfully
2025-04-28 11:34:15,639 - modules.telegram - INFO - Sending message to chat -1001471005474
2025-04-28 11:34:16,209 - modules.telegram - INFO - Message sent successfully
2025-04-28 11:34:16,210 - __main__ - INFO - Periodic update sent successfully
2025-04-28 11:34:16,826 - root - INFO - Logging initialized
2025-04-28 11:34:24,062 - root - INFO - Logging initialized
2025-04-28 11:34:31,308 - root - INFO - Logging initialized
2025-04-28 11:34:38,698 - root - INFO - Logging initialized
2025-04-28 11:34:46,326 - root - INFO - Logging initialized
2025-04-28 11:34:53,850 - root - INFO - Logging initialized
2025-04-28 11:35:01,384 - root - INFO - Logging initialized
2025-04-28 11:35:08,834 - root - INFO - Logging initialized
2025-04-28 11:35:16,058 - root - INFO - Logging initialized
2025-04-28 11:35:23,311 - root - INFO - Logging initialized
2025-04-28 11:35:30,575 - root - INFO - Logging initialized
2025-04-28 11:35:38,031 - root - INFO - Logging initialized
2025-04-28 11:35:45,456 - root - INFO - Logging initialized
2025-04-28 11:35:53,039 - root - INFO - Logging initialized
2025-04-28 11:36:00,358 - root - INFO - Logging initialized
2025-04-28 11:36:07,838 - root - INFO - Logging initialized
2025-04-28 11:36:15,125 - root - INFO - Logging initialized
2025-04-28 11:36:22,735 - root - INFO - Logging initialized
2025-04-28 11:36:30,302 - root - INFO - Logging initialized
2025-04-28 11:36:37,768 - root - INFO - Logging initialized
2025-04-28 11:36:45,062 - root - INFO - Logging initialized
2025-04-28 11:36:52,318 - root - INFO - Logging initialized
2025-04-28 11:37:00,371 - root - INFO - Logging initialized
2025-04-28 11:37:07,924 - root - INFO - Logging initialized
2025-04-28 11:37:15,632 - root - INFO - Logging initialized
2025-04-28 11:37:23,354 - root - INFO - Logging initialized
2025-04-28 11:37:30,971 - root - INFO - Logging initialized
2025-04-28 11:37:38,304 - root - INFO - Logging initialized
2025-04-28 11:37:45,558 - root - INFO - Logging initialized
2025-04-28 11:37:52,846 - root - INFO - Logging initialized
2025-04-28 11:38:00,065 - root - INFO - Logging initialized
2025-04-28 11:38:07,539 - root - INFO - Logging initialized
2025-04-28 11:38:15,084 - root - INFO - Logging initialized
2025-04-28 11:38:22,517 - root - INFO - Logging initialized
2025-04-28 11:38:29,832 - root - INFO - Logging initialized
2025-04-28 11:38:37,069 - root - INFO - Logging initialized
2025-04-28 11:38:44,353 - root - INFO - Logging initialized
2025-04-28 11:38:51,572 - root - INFO - Logging initialized
2025-04-28 11:38:59,027 - root - INFO - Logging initialized
2025-04-28 11:39:06,561 - root - INFO - Logging initialized
2025-04-28 11:39:14,036 - root - INFO - Logging initialized
2025-04-28 11:39:21,385 - root - INFO - Logging initialized
2025-04-28 11:39:28,928 - root - INFO - Logging initialized
2025-04-28 11:39:36,300 - root - INFO - Logging initialized
2025-04-28 11:39:43,632 - root - INFO - Logging initialized
2025-04-28 11:39:51,098 - root - INFO - Logging initialized
2025-04-28 11:39:58,591 - root - INFO - Logging initialized
2025-04-28 11:40:06,182 - root - INFO - Logging initialized
2025-04-28 11:40:13,558 - root - INFO - Logging initialized
2025-04-28 11:40:20,857 - root - INFO - Logging initialized
2025-04-28 11:40:28,058 - root - INFO - Logging initialized
2025-04-28 11:40:35,364 - root - INFO - Logging initialized
2025-04-28 11:40:42,739 - root - INFO - Logging initialized
2025-04-28 11:40:50,283 - root - INFO - Logging initialized
2025-04-28 11:40:57,779 - root - INFO - Logging initialized
2025-04-28 11:41:05,142 - root - INFO - Logging initialized
2025-04-28 11:41:12,554 - root - INFO - Logging initialized
2025-04-28 11:41:19,809 - root - INFO - Logging initialized
2025-04-28 11:41:27,057 - root - INFO - Logging initialized
2025-04-28 11:41:34,345 - root - INFO - Logging initialized
2025-04-28 11:41:41,751 - root - INFO - Logging initialized
2025-04-28 11:41:49,287 - root - INFO - Logging initialized
2025-04-28 11:41:56,746 - root - INFO - Logging initialized
2025-04-28 11:42:04,165 - root - INFO - Logging initialized
2025-04-28 11:42:11,564 - root - INFO - Logging initialized
2025-04-28 11:42:18,803 - root - INFO - Logging initialized
2025-04-28 11:42:26,065 - root - INFO - Logging initialized
2025-04-28 11:42:33,387 - root - INFO - Logging initialized
2025-04-28 11:42:40,995 - root - INFO - Logging initialized
2025-04-28 11:42:48,556 - root - INFO - Logging initialized
2025-04-28 11:42:56,066 - root - INFO - Logging initialized
2025-04-28 11:43:03,304 - root - INFO - Logging initialized
2025-04-28 11:43:10,569 - root - INFO - Logging initialized
2025-04-28 11:43:17,866 - root - INFO - Logging initialized
2025-04-28 11:43:25,063 - root - INFO - Logging initialized
2025-04-28 11:43:32,479 - root - INFO - Logging initialized
2025-04-28 11:43:40,045 - root - INFO - Logging initialized
2025-04-28 11:43:47,582 - root - INFO - Logging initialized
2025-04-28 11:43:54,867 - root - INFO - Logging initialized
2025-04-28 11:44:02,354 - root - INFO - Logging initialized
2025-04-28 11:44:09,661 - root - INFO - Logging initialized
2025-04-28 11:44:16,216 - __main__ - INFO - Fetching signals for periodic update...
2025-04-28 11:44:16,217 - __main__ - INFO - 처리 중인 배치: 1~5 / 84
2025-04-28 11:44:17,379 - root - INFO - Logging initialized
2025-04-28 11:44:23,943 - __main__ - INFO - 처리 중인 배치: 6~10 / 84
2025-04-28 11:44:25,150 - root - INFO - Logging initialized
2025-04-28 11:44:31,855 - __main__ - INFO - 처리 중인 배치: 11~15 / 84
2025-04-28 11:44:32,799 - root - INFO - Logging initialized
2025-04-28 11:44:40,099 - __main__ - INFO - 처리 중인 배치: 16~20 / 84
2025-04-28 11:44:40,103 - root - INFO - Logging initialized
2025-04-28 11:44:47,545 - root - INFO - Logging initialized
2025-04-28 11:44:48,203 - __main__ - INFO - 처리 중인 배치: 21~25 / 84
2025-04-28 11:44:54,961 - root - INFO - Logging initialized
2025-04-28 11:44:56,124 - __main__ - INFO - 처리 중인 배치: 26~30 / 84
2025-04-28 11:45:02,569 - root - INFO - Logging initialized
2025-04-28 11:45:03,848 - __main__ - INFO - 처리 중인 배치: 31~35 / 84
2025-04-28 11:45:10,145 - root - INFO - Logging initialized
2025-04-28 11:45:11,351 - __main__ - INFO - 처리 중인 배치: 36~40 / 84
2025-04-28 11:45:17,681 - root - INFO - Logging initialized
2025-04-28 11:45:18,607 - __main__ - INFO - 처리 중인 배치: 41~45 / 84
2025-04-28 11:45:25,061 - root - INFO - Logging initialized
2025-04-28 11:45:26,200 - __main__ - INFO - 처리 중인 배치: 46~50 / 84
2025-04-28 11:45:32,460 - root - INFO - Logging initialized
2025-04-28 11:45:34,358 - __main__ - INFO - 처리 중인 배치: 51~55 / 84
2025-04-28 11:45:40,116 - root - INFO - Logging initialized
2025-04-28 11:45:42,866 - __main__ - INFO - 처리 중인 배치: 56~60 / 84
2025-04-28 11:45:47,863 - root - INFO - Logging initialized
2025-04-28 11:45:51,393 - __main__ - INFO - 처리 중인 배치: 61~65 / 84
2025-04-28 11:45:55,750 - root - INFO - Logging initialized
2025-04-28 11:45:59,757 - __main__ - INFO - 처리 중인 배치: 66~70 / 84
2025-04-28 11:46:03,431 - root - INFO - Logging initialized
2025-04-28 11:46:08,065 - __main__ - INFO - 처리 중인 배치: 71~75 / 84
2025-04-28 11:46:11,076 - root - INFO - Logging initialized
2025-04-28 11:46:16,616 - __main__ - INFO - 처리 중인 배치: 76~80 / 84
2025-04-28 11:46:18,568 - root - INFO - Logging initialized
2025-04-28 11:46:24,948 - __main__ - INFO - 처리 중인 배치: 81~84 / 84
2025-04-28 11:46:25,925 - root - INFO - Logging initialized
2025-04-28 11:46:28,743 - modules.telegram - INFO - Sending message to chat -1001471005474
2025-04-28 11:46:29,849 - modules.telegram - INFO - Message sent successfully
2025-04-28 11:46:29,849 - __main__ - INFO - Periodic update sent successfully
2025-04-28 11:46:33,405 - root - INFO - Logging initialized
2025-04-28 11:46:41,035 - root - INFO - Logging initialized
2025-04-28 11:46:48,581 - root - INFO - Logging initialized
2025-04-28 11:46:56,008 - root - INFO - Logging initialized
2025-04-28 11:47:03,304 - root - INFO - Logging initialized
2025-04-28 11:47:10,548 - root - INFO - Logging initialized
2025-04-28 11:47:17,808 - root - INFO - Logging initialized
2025-04-28 11:47:25,071 - root - INFO - Logging initialized
2025-04-28 11:47:32,502 - root - INFO - Logging initialized
2025-04-28 11:47:40,059 - root - INFO - Logging initialized
2025-04-28 11:47:47,527 - root - INFO - Logging initialized
2025-04-28 11:47:54,852 - root - INFO - Logging initialized
2025-04-28 11:48:02,327 - root - INFO - Logging initialized
2025-04-28 11:48:09,564 - root - INFO - Logging initialized
2025-04-28 11:48:17,050 - root - INFO - Logging initialized
2025-04-28 11:48:24,543 - root - INFO - Logging initialized
2025-04-28 11:48:31,883 - root - INFO - Logging initialized
2025-04-28 11:48:39,341 - root - INFO - Logging initialized
2025-04-28 11:48:46,553 - root - INFO - Logging initialized
2025-04-28 11:48:53,809 - root - INFO - Logging initialized
2025-04-28 11:49:01,073 - root - INFO - Logging initialized
2025-04-28 11:49:08,474 - root - INFO - Logging initialized
2025-04-28 11:49:15,946 - root - INFO - Logging initialized
2025-04-28 11:49:23,585 - root - INFO - Logging initialized
2025-04-28 11:49:30,888 - root - INFO - Logging initialized
2025-04-28 11:49:38,301 - root - INFO - Logging initialized
2025-04-28 11:49:45,549 - root - INFO - Logging initialized
2025-04-28 11:49:52,800 - root - INFO - Logging initialized
2025-04-28 11:50:00,105 - root - INFO - Logging initialized
2025-04-28 11:50:07,495 - root - INFO - Logging initialized
2025-04-28 11:50:15,043 - root - INFO - Logging initialized
2025-04-28 11:50:22,478 - root - INFO - Logging initialized
2025-04-28 11:50:29,848 - root - INFO - Logging initialized
2025-04-28 11:50:37,344 - root - INFO - Logging initialized
2025-04-28 11:50:44,564 - root - INFO - Logging initialized
2025-04-28 11:50:51,929 - root - INFO - Logging initialized
2025-04-28 11:50:59,573 - root - INFO - Logging initialized
2025-04-28 11:51:07,086 - root - INFO - Logging initialized
2025-04-28 11:51:14,352 - root - INFO - Logging initialized
2025-04-28 11:51:21,825 - root - INFO - Logging initialized
2025-04-28 11:51:29,049 - root - INFO - Logging initialized
2025-04-28 11:51:36,294 - root - INFO - Logging initialized
2025-04-28 11:51:43,579 - root - INFO - Logging initialized
2025-04-28 11:51:50,978 - root - INFO - Logging initialized
2025-04-28 11:51:58,574 - root - INFO - Logging initialized
2025-04-28 11:52:05,979 - root - INFO - Logging initialized
2025-04-28 11:52:13,309 - root - INFO - Logging initialized
2025-04-28 11:52:20,729 - root - INFO - Logging initialized
2025-04-28 11:52:28,335 - root - INFO - Logging initialized
2025-04-28 11:52:35,870 - root - INFO - Logging initialized
2025-04-28 11:52:43,355 - root - INFO - Logging initialized
2025-04-28 11:52:50,851 - root - INFO - Logging initialized
2025-04-28 11:52:58,057 - root - INFO - Logging initialized
2025-04-28 11:53:05,358 - root - INFO - Logging initialized
2025-04-28 11:53:12,606 - root - INFO - Logging initialized
2025-04-28 11:53:20,066 - root - INFO - Logging initialized
2025-04-28 11:53:27,590 - root - INFO - Logging initialized
2025-04-28 11:53:35,243 - root - INFO - Logging initialized
2025-04-28 11:53:42,551 - root - INFO - Logging initialized
2025-04-28 11:53:49,838 - root - INFO - Logging initialized
2025-04-28 11:53:57,049 - root - INFO - Logging initialized
2025-04-28 11:54:04,314 - root - INFO - Logging initialized
2025-04-28 11:54:11,748 - root - INFO - Logging initialized
2025-04-28 11:54:19,292 - root - INFO - Logging initialized
2025-04-28 11:54:26,782 - root - INFO - Logging initialized
2025-04-28 11:54:34,088 - root - INFO - Logging initialized
2025-04-28 11:54:41,392 - root - INFO - Logging initialized
2025-04-28 11:54:48,804 - root - INFO - Logging initialized
2025-04-28 11:54:56,083 - root - INFO - Logging initialized
2025-04-28 11:55:03,364 - root - INFO - Logging initialized
2025-04-28 11:55:10,771 - root - INFO - Logging initialized
2025-04-28 11:55:18,276 - root - INFO - Logging initialized
2025-04-28 11:55:25,701 - root - INFO - Logging initialized
2025-04-28 11:55:33,111 - root - INFO - Logging initialized
2025-04-28 11:55:40,556 - root - INFO - Logging initialized
2025-04-28 11:55:47,821 - root - INFO - Logging initialized
2025-04-28 11:55:55,080 - root - INFO - Logging initialized
2025-04-28 11:56:02,460 - root - INFO - Logging initialized
2025-04-28 11:56:10,081 - root - INFO - Logging initialized
2025-04-28 11:56:17,871 - root - INFO - Logging initialized
2025-04-28 11:56:25,308 - root - INFO - Logging initialized
2025-04-28 11:56:29,853 - __main__ - INFO - Fetching signals for periodic update...
2025-04-28 11:56:29,853 - __main__ - INFO - 처리 중인 배치: 1~5 / 84
2025-04-28 11:56:32,849 - root - INFO - Logging initialized
2025-04-28 11:56:37,899 - __main__ - INFO - 처리 중인 배치: 6~10 / 84
2025-04-28 11:56:40,632 - root - INFO - Logging initialized
2025-04-28 11:56:45,929 - __main__ - INFO - 처리 중인 배치: 11~15 / 84
2025-04-28 11:56:48,377 - root - INFO - Logging initialized
2025-04-28 11:56:54,047 - __main__ - INFO - 처리 중인 배치: 16~20 / 84
2025-04-28 11:56:56,077 - root - INFO - Logging initialized
2025-04-28 11:57:01,935 - __main__ - INFO - 처리 중인 배치: 21~25 / 84
2025-04-28 11:57:03,657 - root - INFO - Logging initialized
2025-04-28 11:57:09,927 - __main__ - INFO - 처리 중인 배치: 26~30 / 84
2025-04-28 11:57:11,512 - root - INFO - Logging initialized
2025-04-28 11:57:17,891 - __main__ - INFO - 처리 중인 배치: 31~35 / 84
2025-04-28 11:57:19,130 - root - INFO - Logging initialized
2025-04-28 11:57:26,235 - __main__ - INFO - 처리 중인 배치: 36~40 / 84
2025-04-28 11:57:27,147 - root - INFO - Logging initialized
2025-04-28 11:57:34,833 - root - INFO - Logging initialized
2025-04-28 11:57:35,867 - __main__ - INFO - 처리 중인 배치: 41~45 / 84
2025-04-28 11:57:42,309 - root - INFO - Logging initialized
2025-04-28 11:57:43,872 - __main__ - INFO - 처리 중인 배치: 46~50 / 84
2025-04-28 11:57:49,921 - root - INFO - Logging initialized
2025-04-28 11:57:51,803 - __main__ - INFO - 처리 중인 배치: 51~55 / 84
2025-04-28 11:57:57,712 - root - INFO - Logging initialized
2025-04-28 11:57:59,802 - __main__ - INFO - 처리 중인 배치: 56~60 / 84
2025-04-28 11:58:05,267 - root - INFO - Logging initialized
2025-04-28 11:58:07,307 - __main__ - INFO - 처리 중인 배치: 61~65 / 84
2025-04-28 11:58:12,745 - root - INFO - Logging initialized
2025-04-28 11:58:15,091 - __main__ - INFO - 처리 중인 배치: 66~70 / 84
2025-04-28 11:58:20,280 - root - INFO - Logging initialized
2025-04-28 11:58:23,186 - __main__ - INFO - 처리 중인 배치: 71~75 / 84
2025-04-28 11:58:27,826 - root - INFO - Logging initialized
2025-04-28 11:58:31,700 - __main__ - INFO - 처리 중인 배치: 76~80 / 84
2025-04-28 11:58:35,550 - root - INFO - Logging initialized
2025-04-28 11:58:40,083 - __main__ - INFO - 처리 중인 배치: 81~84 / 84
2025-04-28 11:58:43,272 - root - INFO - Logging initialized
2025-04-28 11:58:44,799 - modules.telegram - INFO - Sending message to chat -1001471005474
2025-04-28 11:58:45,929 - modules.telegram - INFO - Message sent successfully
2025-04-28 11:58:45,930 - __main__ - INFO - Periodic update sent successfully
2025-04-28 11:58:50,672 - root - INFO - Logging initialized
2025-04-28 11:58:58,105 - root - INFO - Logging initialized
