2025-04-01 14:55:13,884 - __main__ - INFO - 트렌드 데이터 수집 시작...
2025-04-01 14:55:15,331 - __main__ - INFO -  트렌드 데이터 수집 완료
2025-04-01 14:55:15,449 - __main__ - INFO -  트렌드 데이터 수집 완료
2025-04-01 14:55:15,558 - __main__ - INFO -  트렌드 데이터 수집 완료
2025-04-01 14:55:15,668 - __main__ - INFO -  트렌드 데이터 수집 완료
2025-04-01 14:55:15,777 - __main__ - INFO -  트렌드 데이터 수집 완료
2025-04-01 14:55:15,888 - __main__ - INFO -  트렌드 데이터 수집 완료
2025-04-01 14:55:15,999 - __main__ - INFO -  트렌드 데이터 수집 완료
2025-04-01 14:55:16,110 - __main__ - INFO -  트렌드 데이터 수집 완료
2025-04-01 14:55:16,219 - __main__ - INFO -  트렌드 데이터 수집 완료
2025-04-01 14:55:16,328 - __main__ - INFO -  트렌드 데이터 수집 완료
2025-04-01 14:55:16,437 - __main__ - INFO -  트렌드 데이터 수집 완료
2025-04-01 14:55:16,544 - __main__ - INFO -  트렌드 데이터 수집 완료
2025-04-01 14:55:16,667 - __main__ - INFO -  트렌드 데이터 수집 완료
2025-04-01 14:55:16,820 - __main__ - INFO -  트렌드 데이터 수집 완료
2025-04-01 14:55:16,925 - __main__ - INFO -  트렌드 데이터 수집 완료
2025-04-01 14:55:17,033 - __main__ - INFO -  트렌드 데이터 수집 완료
2025-04-01 14:55:17,140 - __main__ - INFO -  트렌드 데이터 수집 완료
2025-04-01 14:55:17,247 - __main__ - INFO -  트렌드 데이터 수집 완료
2025-04-01 14:55:17,354 - __main__ - INFO -  트렌드 데이터 수집 완료
2025-04-01 14:55:17,466 - __main__ - INFO -  트렌드 데이터 수집 완료
2025-04-01 14:55:17,573 - __main__ - INFO -  트렌드 데이터 수집 완료
2025-04-01 14:55:17,687 - __main__ - INFO -  트렌드 데이터 수집 완료
2025-04-01 14:55:17,794 - __main__ - INFO -  트렌드 데이터 수집 완료
2025-04-01 14:55:17,902 - __main__ - INFO -  트렌드 데이터 수집 완료
2025-04-01 14:55:18,013 - __main__ - INFO -  트렌드 데이터 수집 완료
2025-04-01 14:55:18,128 - __main__ - INFO -  트렌드 데이터 수집 완료
2025-04-01 14:55:18,236 - __main__ - INFO -  트렌드 데이터 수집 완료
2025-04-01 14:55:18,370 - __main__ - INFO -  트렌드 데이터 수집 완료
2025-04-01 14:55:18,474 - __main__ - INFO -  트렌드 데이터 수집 완료
2025-04-01 14:55:18,581 - __main__ - INFO -  트렌드 데이터 수집 완료
2025-04-01 14:55:18,698 - __main__ - INFO -  트렌드 데이터 수집 완료
2025-04-01 14:55:18,805 - __main__ - INFO -  트렌드 데이터 수집 완료
2025-04-01 14:55:18,922 - __main__ - INFO -  트렌드 데이터 수집 완료
2025-04-01 14:55:19,028 - __main__ - INFO -  트렌드 데이터 수집 완료
2025-04-01 14:55:19,135 - __main__ - INFO -  트렌드 데이터 수집 완료
2025-04-01 14:55:19,243 - __main__ - INFO -  트렌드 데이터 수집 완료
2025-04-01 14:55:19,353 - __main__ - INFO -  트렌드 데이터 수집 완료
2025-04-01 14:55:19,460 - __main__ - INFO -  트렌드 데이터 수집 완료
2025-04-01 14:55:19,567 - __main__ - INFO -  트렌드 데이터 수집 완료
2025-04-01 14:55:19,675 - __main__ - INFO -  트렌드 데이터 수집 완료
2025-04-01 14:55:19,782 - __main__ - INFO -  트렌드 데이터 수집 완료
2025-04-01 14:55:19,890 - __main__ - INFO -  트렌드 데이터 수집 완료
2025-04-01 14:55:20,002 - __main__ - INFO -  트렌드 데이터 수집 완료
2025-04-01 14:55:20,110 - __main__ - INFO -  트렌드 데이터 수집 완료
2025-04-01 14:55:20,217 - __main__ - INFO -  트렌드 데이터 수집 완료
2025-04-01 14:55:20,324 - __main__ - INFO -  트렌드 데이터 수집 완료
2025-04-01 14:55:20,431 - __main__ - INFO -  트렌드 데이터 수집 완료
2025-04-01 14:55:20,542 - __main__ - INFO -  트렌드 데이터 수집 완료
2025-04-01 14:55:20,649 - __main__ - INFO -  트렌드 데이터 수집 완료
2025-04-01 14:55:20,759 - __main__ - INFO -  트렌드 데이터 수집 완료
2025-04-01 14:55:20,868 - __main__ - INFO -  트렌드 데이터 수집 완료
2025-04-01 14:55:20,976 - __main__ - INFO -  트렌드 데이터 수집 완료
2025-04-01 14:55:21,092 - __main__ - INFO -  트렌드 데이터 수집 완료
2025-04-01 14:55:21,203 - __main__ - INFO -  트렌드 데이터 수집 완료
2025-04-01 14:55:21,310 - __main__ - INFO -  트렌드 데이터 수집 완료
2025-04-01 14:55:21,417 - __main__ - INFO -  트렌드 데이터 수집 완료
2025-04-01 14:55:21,525 - __main__ - INFO -  트렌드 데이터 수집 완료
2025-04-01 14:55:21,653 - __main__ - INFO -  트렌드 데이터 수집 완료
2025-04-01 14:55:21,760 - __main__ - INFO -  트렌드 데이터 수집 완료
2025-04-01 14:55:21,879 - __main__ - INFO -  트렌드 데이터 수집 완료
2025-04-01 14:55:21,988 - __main__ - INFO -  트렌드 데이터 수집 완료
2025-04-01 14:55:22,095 - __main__ - INFO -  트렌드 데이터 수집 완료
2025-04-01 14:55:22,201 - __main__ - INFO -  트렌드 데이터 수집 완료
2025-04-01 14:55:22,315 - __main__ - INFO -  트렌드 데이터 수집 완료
2025-04-01 14:55:22,422 - __main__ - INFO -  트렌드 데이터 수집 완료
2025-04-01 14:55:22,533 - __main__ - INFO -  트렌드 데이터 수집 완료
2025-04-01 14:55:22,640 - __main__ - INFO -  트렌드 데이터 수집 완료
2025-04-01 14:55:22,751 - __main__ - INFO -  트렌드 데이터 수집 완료
2025-04-01 14:55:22,858 - __main__ - INFO -  트렌드 데이터 수집 완료
2025-04-01 14:55:22,966 - __main__ - INFO -  트렌드 데이터 수집 완료
2025-04-01 14:55:23,074 - __main__ - INFO -  트렌드 데이터 수집 완료
2025-04-01 14:55:23,186 - __main__ - INFO -  트렌드 데이터 수집 완료
2025-04-01 14:55:23,294 - __main__ - INFO -  트렌드 데이터 수집 완료
2025-04-01 14:55:23,402 - __main__ - INFO -  트렌드 데이터 수집 완료
2025-04-01 14:55:23,509 - __main__ - INFO -  트렌드 데이터 수집 완료
2025-04-01 14:55:23,617 - __main__ - INFO -  트렌드 데이터 수집 완료
2025-04-01 14:55:23,729 - __main__ - INFO -  트렌드 데이터 수집 완료
2025-04-01 14:55:23,836 - __main__ - INFO -  트렌드 데이터 수집 완료
2025-04-01 14:55:23,945 - __main__ - INFO -  트렌드 데이터 수집 완료
2025-04-01 14:55:24,052 - __main__ - INFO -  트렌드 데이터 수집 완료
2025-04-01 14:55:24,160 - __main__ - INFO -  트렌드 데이터 수집 완료
2025-04-01 14:55:24,267 - __main__ - INFO -  트렌드 데이터 수집 완료
2025-04-01 14:55:24,379 - __main__ - INFO -  트렌드 데이터 수집 완료
2025-04-01 14:55:24,486 - __main__ - INFO -  트렌드 데이터 수집 완료
2025-04-01 14:55:24,594 - __main__ - INFO -  트렌드 데이터 수집 완료
2025-04-01 14:55:24,595 - __main__ - INFO - 트렌드 데이터 수집 완료: 성공 85개, 실패 0개
2025-04-01 14:55:24,596 - asyncio - ERROR - Unclosed client session
client_session: <aiohttp.client.ClientSession object at 0xb3288370>
2025-04-01 14:55:24,604 - asyncio - ERROR - Unclosed connector
connections: ['[(<aiohttp.client_proto.ResponseHandler object at 0xb06481b8>, 7168.802670877), (<aiohttp.client_proto.ResponseHandler object at 0xb0624b58>, 7168.803243171), (<aiohttp.client_proto.ResponseHandler object at 0xb0624df8>, 7168.803501836), (<aiohttp.client_proto.ResponseHandler object at 0xb0648ed8>, 7168.805138031), (<aiohttp.client_proto.ResponseHandler object at 0xb0e5cfb8>, 7168.824440112), (<aiohttp.client_proto.ResponseHandler object at 0xb06242d0>, 7168.949551491), (<aiohttp.client_proto.ResponseHandler object at 0xb06243e8>, 7169.067435966), (<aiohttp.client_proto.ResponseHandler object at 0xb0624458>, 7169.17634547), (<aiohttp.client_proto.ResponseHandler object at 0xb0624538>, 7169.286995076), (<aiohttp.client_proto.ResponseHandler object at 0xb06244c8>, 7169.395851266), (<aiohttp.client_proto.ResponseHandler object at 0xb06245a8>, 7169.506615575), (<aiohttp.client_proto.ResponseHandler object at 0xb0624618>, 7169.617337699), (<aiohttp.client_proto.ResponseHandler object at 0xb0624688>, 7169.729008874), (<aiohttp.client_proto.ResponseHandler object at 0xb06246f8>, 7169.837408121), (<aiohttp.client_proto.ResponseHandler object at 0xb0624768>, 7169.946564421), (<aiohttp.client_proto.ResponseHandler object at 0xb06247d8>, 7170.055279278), (<aiohttp.client_proto.ResponseHandler object at 0xb0624848>, 7170.162289385), (<aiohttp.client_proto.ResponseHandler object at 0xb06248b8>, 7170.285380313), (<aiohttp.client_proto.ResponseHandler object at 0xb0624928>, 7170.438278228), (<aiohttp.client_proto.ResponseHandler object at 0xb0624998>, 7170.543978749), (<aiohttp.client_proto.ResponseHandler object at 0xb0624ae8>, 7170.651459039), (<aiohttp.client_proto.ResponseHandler object at 0xb0624ed8>, 7170.758414091), (<aiohttp.client_proto.ResponseHandler object at 0xb06485a8>, 7170.865691493), (<aiohttp.client_proto.ResponseHandler object at 0xb0648618>, 7170.972923599), (<aiohttp.client_proto.ResponseHandler object at 0xb0648688>, 7171.08503366), (<aiohttp.client_proto.ResponseHandler object at 0xb0648768>, 7171.191667473), (<aiohttp.client_proto.ResponseHandler object at 0xb0648ca8>, 7171.63646246), (<aiohttp.client_proto.ResponseHandler object at 0xb0624a08>, 7171.882061504), (<aiohttp.client_proto.ResponseHandler object at 0xb0624a78>, 7171.988158838), (<aiohttp.client_proto.ResponseHandler object at 0xb0624bc8>, 7172.092967235), (<aiohttp.client_proto.ResponseHandler object at 0xb0624c38>, 7172.199969064), (<aiohttp.client_proto.ResponseHandler object at 0xb0624ca8>, 7172.3167146), (<aiohttp.client_proto.ResponseHandler object at 0xb0624d18>, 7172.423649264), (<aiohttp.client_proto.ResponseHandler object at 0xb0624d88>, 7172.540199727), (<aiohttp.client_proto.ResponseHandler object at 0xb0624f48>, 7172.646560726), (<aiohttp.client_proto.ResponseHandler object at 0xb0624fb8>, 7172.753800573), (<aiohttp.client_proto.ResponseHandler object at 0xb0648068>, 7172.861226974), (<aiohttp.client_proto.ResponseHandler object at 0xb06488b8>, 7172.971212195), (<aiohttp.client_proto.ResponseHandler object at 0xb0648148>, 7173.078663059), (<aiohttp.client_proto.ResponseHandler object at 0xb06484c8>, 7173.185759481), (<aiohttp.client_proto.ResponseHandler object at 0xb0648308>, 7173.293592176), (<aiohttp.client_proto.ResponseHandler object at 0xb0648298>, 7173.400589395), (<aiohttp.client_proto.ResponseHandler object at 0xb0648458>, 7173.508532127), (<aiohttp.client_proto.ResponseHandler object at 0xb0648538>, 7173.620403911), (<aiohttp.client_proto.ResponseHandler object at 0xb06486f8>, 7173.728251384), (<aiohttp.client_proto.ResponseHandler object at 0xb06487d8>, 7173.835705897), (<aiohttp.client_proto.ResponseHandler object at 0xb06480d8>, 7173.942993595), (<aiohttp.client_proto.ResponseHandler object at 0xb0648928>, 7174.049946129), (<aiohttp.client_proto.ResponseHandler object at 0xb0648998>, 7174.160092367), (<aiohttp.client_proto.ResponseHandler object at 0xb0648a08>, 7174.267539972), (<aiohttp.client_proto.ResponseHandler object at 0xb0648a78>, 7174.377800432), (<aiohttp.client_proto.ResponseHandler object at 0xb0648b58>, 7174.486659252), (<aiohttp.client_proto.ResponseHandler object at 0xb0648d18>, 7174.594244004), (<aiohttp.client_proto.ResponseHandler object at 0xb0648d88>, 7174.710967466), (<aiohttp.client_proto.ResponseHandler object at 0xb0648df8>, 7174.821267593), (<aiohttp.client_proto.ResponseHandler object at 0xb0648e68>, 7174.928559439), (<aiohttp.client_proto.ResponseHandler object at 0xb0648fb8>, 7175.036021322), (<aiohttp.client_proto.ResponseHandler object at 0xb0649068>, 7175.143957146), (<aiohttp.client_proto.ResponseHandler object at 0xb06490d8>, 7175.27203464), (<aiohttp.client_proto.ResponseHandler object at 0xb0649228>, 7175.378612842), (<aiohttp.client_proto.ResponseHandler object at 0xb0610260>, 7175.498000123), (<aiohttp.client_proto.ResponseHandler object at 0xb045f848>, 7175.60624065), (<aiohttp.client_proto.ResponseHandler object at 0xb0649148>, 7175.713792902), (<aiohttp.client_proto.ResponseHandler object at 0xb06491b8>, 7175.8253893), (<aiohttp.client_proto.ResponseHandler object at 0xb0649298>, 7175.933645086), (<aiohttp.client_proto.ResponseHandler object at 0xb0610c38>, 7176.040707137), (<aiohttp.client_proto.ResponseHandler object at 0xb06108f0>, 7176.151612705), (<aiohttp.client_proto.ResponseHandler object at 0xb06105a8>, 7176.258512183), (<aiohttp.client_proto.ResponseHandler object at 0xb045fed8>, 7176.369715953), (<aiohttp.client_proto.ResponseHandler object at 0xb045fb90>, 7176.476650375), (<aiohttp.client_proto.ResponseHandler object at 0xb045f500>, 7176.584413071), (<aiohttp.client_proto.ResponseHandler object at 0xb045f1b8>, 7176.692333285), (<aiohttp.client_proto.ResponseHandler object at 0xb0648c38>, 7176.806395669), (<aiohttp.client_proto.ResponseHandler object at 0xb0648bc8>, 7176.912761372), (<aiohttp.client_proto.ResponseHandler object at 0xb0648848>, 7177.020335606), (<aiohttp.client_proto.ResponseHandler object at 0xb0624e68>, 7177.1278816), (<aiohttp.client_proto.ResponseHandler object at 0xb06483e8>, 7177.235643166), (<aiohttp.client_proto.ResponseHandler object at 0xb0648378>, 7177.3472101), (<aiohttp.client_proto.ResponseHandler object at 0xb0648f48>, 7177.454785834), (<aiohttp.client_proto.ResponseHandler object at 0xb0648ae8>, 7177.563365118), (<aiohttp.client_proto.ResponseHandler object at 0xb045f5a8>, 7177.672241253), (<aiohttp.client_proto.ResponseHandler object at 0xb0610650>, 7177.778952288), (<aiohttp.client_proto.ResponseHandler object at 0xb0649ae8>, 7177.885666563), (<aiohttp.client_proto.ResponseHandler object at 0xb0649c38>, 7177.997131665), (<aiohttp.client_proto.ResponseHandler object at 0xb0648228>, 7178.105270303)]']
connector: <aiohttp.connector.TCPConnector object at 0xb3249a90>
